{"C:\\Users\\Corey\\OneDrive\\Desktop\\Swen660Part2\\CareConnect_Combined\\SWEN_661_Team_3\\CareConnect_Web\\src\\App.tsx": {"path":"C:\\Users\\Corey\\OneDrive\\Desktop\\Swen660Part2\\CareConnect_Combined\\SWEN_661_Team_3\\CareConnect_Web\\src\\App.tsx","all":true,"statementMap":{"0":{"start":{"line":1,"column":0},"end":{"line":1,"column":50}},"1":{"start":{"line":2,"column":0},"end":{"line":2,"column":34}},"2":{"start":{"line":3,"column":0},"end":{"line":3,"column":72}},"3":{"start":{"line":4,"column":0},"end":{"line":4,"column":54}},"4":{"start":{"line":5,"column":0},"end":{"line":5,"column":66}},"5":{"start":{"line":6,"column":0},"end":{"line":6,"column":65}},"6":{"start":{"line":7,"column":0},"end":{"line":7,"column":57}},"7":{"start":{"line":8,"column":0},"end":{"line":8,"column":65}},"9":{"start":{"line":10,"column":0},"end":{"line":10,"column":16}},"10":{"start":{"line":11,"column":0},"end":{"line":11,"column":10}},"11":{"start":{"line":12,"column":0},"end":{"line":12,"column":18}},"12":{"start":{"line":13,"column":0},"end":{"line":13,"column":29}},"13":{"start":{"line":14,"column":0},"end":{"line":14,"column":28}},"14":{"start":{"line":15,"column":0},"end":{"line":15,"column":44}},"15":{"start":{"line":16,"column":0},"end":{"line":16,"column":30}},"16":{"start":{"line":17,"column":0},"end":{"line":17,"column":26}},"17":{"start":{"line":18,"column":0},"end":{"line":18,"column":30}},"18":{"start":{"line":19,"column":0},"end":{"line":19,"column":29}},"19":{"start":{"line":20,"column":0},"end":{"line":20,"column":30}},"20":{"start":{"line":21,"column":0},"end":{"line":21,"column":19}},"22":{"start":{"line":23,"column":0},"end":{"line":23,"column":1}},"24":{"start":{"line":25,"column":0},"end":{"line":25,"column":19}}},"s":{"0":0,"1":0,"2":0,"3":0,"4":0,"5":0,"6":0,"7":0,"9":0,"10":0,"11":0,"12":0,"13":0,"14":0,"15":0,"16":0,"17":0,"18":0,"19":0,"20":0,"22":0,"24":0},"branchMap":{"0":{"type":"branch","line":1,"loc":{"start":{"line":1,"column":844},"end":{"line":25,"column":19}},"locations":[{"start":{"line":1,"column":844},"end":{"line":25,"column":19}}]}},"b":{"0":[0]},"fnMap":{"0":{"name":"(empty-report)","decl":{"start":{"line":1,"column":844},"end":{"line":25,"column":19}},"loc":{"start":{"line":1,"column":844},"end":{"line":25,"column":19}},"line":1}},"f":{"0":0}}
,"C:\\Users\\Corey\\OneDrive\\Desktop\\Swen660Part2\\CareConnect_Combined\\SWEN_661_Team_3\\CareConnect_Web\\src\\main.tsx": {"path":"C:\\Users\\Corey\\OneDrive\\Desktop\\Swen660Part2\\CareConnect_Combined\\SWEN_661_Team_3\\CareConnect_Web\\src\\main.tsx","all":true,"statementMap":{"0":{"start":{"line":1,"column":0},"end":{"line":1,"column":34}},"1":{"start":{"line":2,"column":0},"end":{"line":2,"column":45}},"2":{"start":{"line":3,"column":0},"end":{"line":3,"column":29}},"3":{"start":{"line":4,"column":0},"end":{"line":4,"column":27}},"4":{"start":{"line":5,"column":0},"end":{"line":5,"column":60}},"7":{"start":{"line":8,"column":0},"end":{"line":8,"column":52}},"8":{"start":{"line":9,"column":0},"end":{"line":9,"column":14}},"9":{"start":{"line":10,"column":0},"end":{"line":10,"column":11}},"10":{"start":{"line":11,"column":0},"end":{"line":11,"column":16}},"11":{"start":{"line":12,"column":0},"end":{"line":12,"column":1}},"14":{"start":{"line":15,"column":0},"end":{"line":15,"column":10}},"15":{"start":{"line":16,"column":0},"end":{"line":16,"column":20}},"16":{"start":{"line":17,"column":0},"end":{"line":17,"column":62}},"17":{"start":{"line":18,"column":0},"end":{"line":18,"column":4}},"18":{"start":{"line":19,"column":0},"end":{"line":19,"column":31}},"19":{"start":{"line":20,"column":0},"end":{"line":20,"column":55}},"21":{"start":{"line":22,"column":0},"end":{"line":22,"column":4}},"22":{"start":{"line":23,"column":0},"end":{"line":23,"column":20}},"23":{"start":{"line":24,"column":0},"end":{"line":24,"column":52}},"24":{"start":{"line":25,"column":0},"end":{"line":25,"column":4}},"25":{"start":{"line":26,"column":0},"end":{"line":26,"column":19}},"26":{"start":{"line":27,"column":0},"end":{"line":27,"column":52}},"27":{"start":{"line":28,"column":0},"end":{"line":28,"column":4}},"28":{"start":{"line":29,"column":0},"end":{"line":29,"column":3}}},"s":{"0":0,"1":0,"2":0,"3":0,"4":0,"7":0,"8":0,"9":0,"10":0,"11":0,"14":0,"15":0,"16":0,"17":0,"18":0,"19":0,"21":0,"22":0,"23":0,"24":0,"25":0,"26":0,"27":0,"28":0},"branchMap":{"0":{"type":"branch","line":1,"loc":{"start":{"line":1,"column":0},"end":{"line":29,"column":-513}},"locations":[{"start":{"line":1,"column":0},"end":{"line":29,"column":-513}}]}},"b":{"0":[0]},"fnMap":{"0":{"name":"(empty-report)","decl":{"start":{"line":1,"column":0},"end":{"line":29,"column":-513}},"loc":{"start":{"line":1,"column":0},"end":{"line":29,"column":-513}},"line":1}},"f":{"0":0}}
,"C:\\Users\\Corey\\OneDrive\\Desktop\\Swen660Part2\\CareConnect_Combined\\SWEN_661_Team_3\\CareConnect_Web\\src\\playwright.config.ts": {"path":"C:\\Users\\Corey\\OneDrive\\Desktop\\Swen660Part2\\CareConnect_Combined\\SWEN_661_Team_3\\CareConnect_Web\\src\\playwright.config.ts","all":true,"statementMap":{"0":{"start":{"line":1,"column":0},"end":{"line":1,"column":57}},"2":{"start":{"line":3,"column":0},"end":{"line":3,"column":29}},"3":{"start":{"line":4,"column":0},"end":{"line":4,"column":25}},"4":{"start":{"line":5,"column":0},"end":{"line":5,"column":22}},"5":{"start":{"line":6,"column":0},"end":{"line":6,"column":31}},"6":{"start":{"line":7,"column":0},"end":{"line":7,"column":34}},"7":{"start":{"line":8,"column":0},"end":{"line":8,"column":42}},"8":{"start":{"line":9,"column":0},"end":{"line":9,"column":13}},"9":{"start":{"line":10,"column":0},"end":{"line":10,"column":13}},"10":{"start":{"line":11,"column":0},"end":{"line":11,"column":58}},"11":{"start":{"line":12,"column":0},"end":{"line":12,"column":56}},"12":{"start":{"line":13,"column":0},"end":{"line":13,"column":4}},"13":{"start":{"line":14,"column":0},"end":{"line":14,"column":8}},"14":{"start":{"line":15,"column":0},"end":{"line":15,"column":37}},"15":{"start":{"line":16,"column":0},"end":{"line":16,"column":28}},"16":{"start":{"line":17,"column":0},"end":{"line":17,"column":34}},"17":{"start":{"line":18,"column":0},"end":{"line":18,"column":31}},"18":{"start":{"line":19,"column":0},"end":{"line":19,"column":4}},"20":{"start":{"line":21,"column":0},"end":{"line":21,"column":13}},"21":{"start":{"line":22,"column":0},"end":{"line":22,"column":5}},"22":{"start":{"line":23,"column":0},"end":{"line":23,"column":23}},"23":{"start":{"line":24,"column":0},"end":{"line":24,"column":44}},"24":{"start":{"line":25,"column":0},"end":{"line":25,"column":6}},"26":{"start":{"line":27,"column":0},"end":{"line":27,"column":5}},"27":{"start":{"line":28,"column":0},"end":{"line":28,"column":22}},"28":{"start":{"line":29,"column":0},"end":{"line":29,"column":45}},"29":{"start":{"line":30,"column":0},"end":{"line":30,"column":6}},"31":{"start":{"line":32,"column":0},"end":{"line":32,"column":5}},"32":{"start":{"line":33,"column":0},"end":{"line":33,"column":21}},"33":{"start":{"line":34,"column":0},"end":{"line":34,"column":44}},"34":{"start":{"line":35,"column":0},"end":{"line":35,"column":6}},"37":{"start":{"line":38,"column":0},"end":{"line":38,"column":5}},"38":{"start":{"line":39,"column":0},"end":{"line":39,"column":28}},"39":{"start":{"line":40,"column":0},"end":{"line":40,"column":37}},"40":{"start":{"line":41,"column":0},"end":{"line":41,"column":6}},"41":{"start":{"line":42,"column":0},"end":{"line":42,"column":5}},"42":{"start":{"line":43,"column":0},"end":{"line":43,"column":28}},"43":{"start":{"line":44,"column":0},"end":{"line":44,"column":39}},"44":{"start":{"line":45,"column":0},"end":{"line":45,"column":6}},"47":{"start":{"line":48,"column":0},"end":{"line":48,"column":5}},"48":{"start":{"line":49,"column":0},"end":{"line":49,"column":19}},"49":{"start":{"line":50,"column":0},"end":{"line":50,"column":38}},"50":{"start":{"line":51,"column":0},"end":{"line":51,"column":6}},"51":{"start":{"line":52,"column":0},"end":{"line":52,"column":4}},"53":{"start":{"line":54,"column":0},"end":{"line":54,"column":14}},"54":{"start":{"line":55,"column":0},"end":{"line":55,"column":27}},"55":{"start":{"line":56,"column":0},"end":{"line":56,"column":33}},"56":{"start":{"line":57,"column":0},"end":{"line":57,"column":41}},"57":{"start":{"line":58,"column":0},"end":{"line":58,"column":20}},"58":{"start":{"line":59,"column":0},"end":{"line":59,"column":4}},"59":{"start":{"line":60,"column":0},"end":{"line":60,"column":3}}},"s":{"0":0,"2":0,"3":0,"4":0,"5":0,"6":0,"7":0,"8":0,"9":0,"10":0,"11":0,"12":0,"13":0,"14":0,"15":0,"16":0,"17":0,"18":0,"20":0,"21":0,"22":0,"23":0,"24":0,"26":0,"27":0,"28":0,"29":0,"31":0,"32":0,"33":0,"34":0,"37":0,"38":0,"39":0,"40":0,"41":0,"42":0,"43":0,"44":0,"47":0,"48":0,"49":0,"50":0,"51":0,"53":0,"54":0,"55":0,"56":0,"57":0,"58":0,"59":0},"branchMap":{"0":{"type":"branch","line":1,"loc":{"start":{"line":1,"column":0},"end":{"line":60,"column":-169}},"locations":[{"start":{"line":1,"column":0},"end":{"line":60,"column":-169}}]}},"b":{"0":[0]},"fnMap":{"0":{"name":"(empty-report)","decl":{"start":{"line":1,"column":0},"end":{"line":60,"column":-169}},"loc":{"start":{"line":1,"column":0},"end":{"line":60,"column":-169}},"line":1}},"f":{"0":0}}
,"C:\\Users\\Corey\\OneDrive\\Desktop\\Swen660Part2\\CareConnect_Combined\\SWEN_661_Team_3\\CareConnect_Web\\src\\routes.tsx": {"path":"C:\\Users\\Corey\\OneDrive\\Desktop\\Swen660Part2\\CareConnect_Combined\\SWEN_661_Team_3\\CareConnect_Web\\src\\routes.tsx","all":true,"statementMap":{"0":{"start":{"line":1,"column":0},"end":{"line":1,"column":55}},"15":{"start":{"line":16,"column":0},"end":{"line":16,"column":43}},"16":{"start":{"line":17,"column":0},"end":{"line":17,"column":3}},"17":{"start":{"line":18,"column":0},"end":{"line":18,"column":14}},"18":{"start":{"line":19,"column":0},"end":{"line":19,"column":26}},"19":{"start":{"line":20,"column":0},"end":{"line":20,"column":15}},"20":{"start":{"line":21,"column":0},"end":{"line":21,"column":49}},"21":{"start":{"line":22,"column":0},"end":{"line":22,"column":46}},"22":{"start":{"line":23,"column":0},"end":{"line":23,"column":54}},"23":{"start":{"line":24,"column":0},"end":{"line":24,"column":58}},"24":{"start":{"line":25,"column":0},"end":{"line":25,"column":67}},"25":{"start":{"line":26,"column":0},"end":{"line":26,"column":64}},"26":{"start":{"line":27,"column":0},"end":{"line":27,"column":69}},"27":{"start":{"line":28,"column":0},"end":{"line":28,"column":59}},"28":{"start":{"line":29,"column":0},"end":{"line":29,"column":52}},"29":{"start":{"line":30,"column":0},"end":{"line":30,"column":52}},"30":{"start":{"line":31,"column":0},"end":{"line":31,"column":52}},"31":{"start":{"line":32,"column":0},"end":{"line":32,"column":50}},"32":{"start":{"line":33,"column":0},"end":{"line":33,"column":45}},"33":{"start":{"line":34,"column":0},"end":{"line":34,"column":6}},"34":{"start":{"line":35,"column":0},"end":{"line":35,"column":4}},"35":{"start":{"line":36,"column":0},"end":{"line":36,"column":3}}},"s":{"0":0,"15":0,"16":0,"17":0,"18":0,"19":0,"20":0,"21":0,"22":0,"23":0,"24":0,"25":0,"26":0,"27":0,"28":0,"29":0,"30":0,"31":0,"32":0,"33":0,"34":0,"35":0},"branchMap":{"0":{"type":"branch","line":1,"loc":{"start":{"line":1,"column":1681},"end":{"line":36,"column":3}},"locations":[{"start":{"line":1,"column":1681},"end":{"line":36,"column":3}}]}},"b":{"0":[0]},"fnMap":{"0":{"name":"(empty-report)","decl":{"start":{"line":1,"column":1681},"end":{"line":36,"column":3}},"loc":{"start":{"line":1,"column":1681},"end":{"line":36,"column":3}},"line":1}},"f":{"0":0}}
,"C:\\Users\\Corey\\OneDrive\\Desktop\\Swen660Part2\\CareConnect_Combined\\SWEN_661_Team_3\\CareConnect_Web\\src\\vitest.config.ts": {"path":"C:\\Users\\Corey\\OneDrive\\Desktop\\Swen660Part2\\CareConnect_Combined\\SWEN_661_Team_3\\CareConnect_Web\\src\\vitest.config.ts","all":true,"statementMap":{"0":{"start":{"line":1,"column":0},"end":{"line":1,"column":45}},"1":{"start":{"line":2,"column":0},"end":{"line":2,"column":41}},"2":{"start":{"line":3,"column":0},"end":{"line":3,"column":24}},"4":{"start":{"line":5,"column":0},"end":{"line":5,"column":29}},"5":{"start":{"line":6,"column":0},"end":{"line":6,"column":12}},"6":{"start":{"line":7,"column":0},"end":{"line":7,"column":5}},"7":{"start":{"line":8,"column":0},"end":{"line":8,"column":38}},"8":{"start":{"line":9,"column":0},"end":{"line":9,"column":21}},"9":{"start":{"line":10,"column":0},"end":{"line":10,"column":50}},"10":{"start":{"line":11,"column":0},"end":{"line":11,"column":56}},"11":{"start":{"line":12,"column":0},"end":{"line":12,"column":32}},"12":{"start":{"line":13,"column":0},"end":{"line":13,"column":80}},"13":{"start":{"line":14,"column":0},"end":{"line":14,"column":8}},"14":{"start":{"line":15,"column":0},"end":{"line":15,"column":6}},"15":{"start":{"line":16,"column":0},"end":{"line":16,"column":12}},"16":{"start":{"line":17,"column":0},"end":{"line":17,"column":4}},"17":{"start":{"line":18,"column":0},"end":{"line":18,"column":9}},"18":{"start":{"line":19,"column":0},"end":{"line":19,"column":18}},"19":{"start":{"line":20,"column":0},"end":{"line":20,"column":25}},"20":{"start":{"line":21,"column":0},"end":{"line":21,"column":53}},"21":{"start":{"line":22,"column":0},"end":{"line":22,"column":34}},"22":{"start":{"line":23,"column":0},"end":{"line":23,"column":41}},"23":{"start":{"line":24,"column":0},"end":{"line":24,"column":15}},"24":{"start":{"line":25,"column":0},"end":{"line":25,"column":21}},"25":{"start":{"line":26,"column":0},"end":{"line":26,"column":49}},"26":{"start":{"line":27,"column":0},"end":{"line":27,"column":16}},"27":{"start":{"line":28,"column":0},"end":{"line":28,"column":37}},"28":{"start":{"line":29,"column":0},"end":{"line":29,"column":16}},"29":{"start":{"line":30,"column":0},"end":{"line":30,"column":24}},"30":{"start":{"line":31,"column":0},"end":{"line":31,"column":21}},"31":{"start":{"line":32,"column":0},"end":{"line":32,"column":31}},"32":{"start":{"line":33,"column":0},"end":{"line":33,"column":34}},"33":{"start":{"line":34,"column":0},"end":{"line":34,"column":36}},"34":{"start":{"line":35,"column":0},"end":{"line":35,"column":31}},"35":{"start":{"line":36,"column":0},"end":{"line":36,"column":21}},"36":{"start":{"line":37,"column":0},"end":{"line":37,"column":15}},"37":{"start":{"line":38,"column":0},"end":{"line":38,"column":17}},"38":{"start":{"line":39,"column":0},"end":{"line":39,"column":20}},"39":{"start":{"line":40,"column":0},"end":{"line":40,"column":22}},"40":{"start":{"line":41,"column":0},"end":{"line":41,"column":26}},"41":{"start":{"line":42,"column":0},"end":{"line":42,"column":24}},"42":{"start":{"line":43,"column":0},"end":{"line":43,"column":16}},"43":{"start":{"line":44,"column":0},"end":{"line":44,"column":18}},"44":{"start":{"line":45,"column":0},"end":{"line":45,"column":19}},"45":{"start":{"line":46,"column":0},"end":{"line":46,"column":20}},"46":{"start":{"line":47,"column":0},"end":{"line":47,"column":22}},"47":{"start":{"line":48,"column":0},"end":{"line":48,"column":26}},"48":{"start":{"line":49,"column":0},"end":{"line":49,"column":21}},"49":{"start":{"line":50,"column":0},"end":{"line":50,"column":32}},"50":{"start":{"line":51,"column":0},"end":{"line":51,"column":33}},"51":{"start":{"line":52,"column":0},"end":{"line":52,"column":36}},"52":{"start":{"line":53,"column":0},"end":{"line":53,"column":8}},"53":{"start":{"line":54,"column":0},"end":{"line":54,"column":6}},"54":{"start":{"line":55,"column":0},"end":{"line":55,"column":4}},"55":{"start":{"line":56,"column":0},"end":{"line":56,"column":12}},"56":{"start":{"line":57,"column":0},"end":{"line":57,"column":12}},"57":{"start":{"line":58,"column":0},"end":{"line":58,"column":41}},"58":{"start":{"line":59,"column":0},"end":{"line":59,"column":51}},"59":{"start":{"line":60,"column":0},"end":{"line":60,"column":61}},"60":{"start":{"line":61,"column":0},"end":{"line":61,"column":57}},"61":{"start":{"line":62,"column":0},"end":{"line":62,"column":51}},"62":{"start":{"line":63,"column":0},"end":{"line":63,"column":51}},"63":{"start":{"line":64,"column":0},"end":{"line":64,"column":6}},"64":{"start":{"line":65,"column":0},"end":{"line":65,"column":4}},"65":{"start":{"line":66,"column":0},"end":{"line":66,"column":3}}},"s":{"0":0,"1":0,"2":0,"4":0,"5":0,"6":0,"7":0,"8":0,"9":0,"10":0,"11":0,"12":0,"13":0,"14":0,"15":0,"16":0,"17":0,"18":0,"19":0,"20":0,"21":0,"22":0,"23":0,"24":0,"25":0,"26":0,"27":0,"28":0,"29":0,"30":0,"31":0,"32":0,"33":0,"34":0,"35":0,"36":0,"37":0,"38":0,"39":0,"40":0,"41":0,"42":0,"43":0,"44":0,"45":0,"46":0,"47":0,"48":0,"49":0,"50":0,"51":0,"52":0,"53":0,"54":0,"55":0,"56":0,"57":0,"58":0,"59":0,"60":0,"61":0,"62":0,"63":0,"64":0,"65":0},"branchMap":{"0":{"type":"branch","line":1,"loc":{"start":{"line":1,"column":0},"end":{"line":66,"column":-246}},"locations":[{"start":{"line":1,"column":0},"end":{"line":66,"column":-246}}]}},"b":{"0":[0]},"fnMap":{"0":{"name":"(empty-report)","decl":{"start":{"line":1,"column":0},"end":{"line":66,"column":-246}},"loc":{"start":{"line":1,"column":0},"end":{"line":66,"column":-246}},"line":1}},"f":{"0":0}}
,"C:\\Users\\Corey\\OneDrive\\Desktop\\Swen660Part2\\CareConnect_Combined\\SWEN_661_Team_3\\CareConnect_Web\\src\\components\\navigation\\Navigation.tsx": {"path":"C:\\Users\\Corey\\OneDrive\\Desktop\\Swen660Part2\\CareConnect_Combined\\SWEN_661_Team_3\\CareConnect_Web\\src\\components\\navigation\\Navigation.tsx","all":false,"statementMap":{"0":{"start":{"line":1,"column":0},"end":{"line":1,"column":40}},"24":{"start":{"line":25,"column":0},"end":{"line":25,"column":29}},"25":{"start":{"line":26,"column":0},"end":{"line":26,"column":81}},"26":{"start":{"line":27,"column":0},"end":{"line":27,"column":85}},"27":{"start":{"line":28,"column":0},"end":{"line":28,"column":88}},"28":{"start":{"line":29,"column":0},"end":{"line":29,"column":80}},"29":{"start":{"line":30,"column":0},"end":{"line":30,"column":83}},"30":{"start":{"line":31,"column":0},"end":{"line":31,"column":2}},"32":{"start":{"line":33,"column":0},"end":{"line":33,"column":30}},"33":{"start":{"line":34,"column":0},"end":{"line":34,"column":62}},"34":{"start":{"line":35,"column":0},"end":{"line":35,"column":33}},"35":{"start":{"line":36,"column":0},"end":{"line":36,"column":33}},"36":{"start":{"line":37,"column":0},"end":{"line":37,"column":37}},"37":{"start":{"line":38,"column":0},"end":{"line":38,"column":46}},"39":{"start":{"line":40,"column":0},"end":{"line":40,"column":30}},"40":{"start":{"line":41,"column":0},"end":{"line":41,"column":13}},"41":{"start":{"line":42,"column":0},"end":{"line":42,"column":23}},"42":{"start":{"line":43,"column":0},"end":{"line":43,"column":4}},"44":{"start":{"line":45,"column":0},"end":{"line":45,"column":108}},"46":{"start":{"line":47,"column":0},"end":{"line":47,"column":10}},"47":{"start":{"line":48,"column":0},"end":{"line":48,"column":6}},"49":{"start":{"line":50,"column":0},"end":{"line":50,"column":126}},"50":{"start":{"line":51,"column":0},"end":{"line":51,"column":69}},"51":{"start":{"line":52,"column":0},"end":{"line":52,"column":51}},"52":{"start":{"line":53,"column":0},"end":{"line":53,"column":23}},"53":{"start":{"line":54,"column":0},"end":{"line":54,"column":94}},"54":{"start":{"line":55,"column":0},"end":{"line":55,"column":65}},"55":{"start":{"line":56,"column":0},"end":{"line":56,"column":64}},"56":{"start":{"line":57,"column":0},"end":{"line":57,"column":23}},"57":{"start":{"line":58,"column":0},"end":{"line":58,"column":14}},"58":{"start":{"line":59,"column":0},"end":{"line":59,"column":94}},"59":{"start":{"line":60,"column":0},"end":{"line":60,"column":16}},"61":{"start":{"line":62,"column":0},"end":{"line":62,"column":51}},"62":{"start":{"line":63,"column":0},"end":{"line":63,"column":23}},"63":{"start":{"line":64,"column":0},"end":{"line":64,"column":49}},"64":{"start":{"line":65,"column":0},"end":{"line":65,"column":35}},"65":{"start":{"line":66,"column":0},"end":{"line":66,"column":23}},"66":{"start":{"line":67,"column":0},"end":{"line":67,"column":14}},"67":{"start":{"line":68,"column":0},"end":{"line":68,"column":23}},"68":{"start":{"line":69,"column":0},"end":{"line":69,"column":49}},"69":{"start":{"line":70,"column":0},"end":{"line":70,"column":29}},"70":{"start":{"line":71,"column":0},"end":{"line":71,"column":50}},"71":{"start":{"line":72,"column":0},"end":{"line":72,"column":23}},"72":{"start":{"line":73,"column":0},"end":{"line":73,"column":14}},"73":{"start":{"line":74,"column":0},"end":{"line":74,"column":16}},"74":{"start":{"line":75,"column":0},"end":{"line":75,"column":14}},"77":{"start":{"line":78,"column":0},"end":{"line":78,"column":28}},"78":{"start":{"line":79,"column":0},"end":{"line":79,"column":74}},"79":{"start":{"line":80,"column":0},"end":{"line":80,"column":33}},"80":{"start":{"line":81,"column":0},"end":{"line":81,"column":39}},"81":{"start":{"line":82,"column":0},"end":{"line":82,"column":36}},"82":{"start":{"line":83,"column":0},"end":{"line":83,"column":23}},"83":{"start":{"line":84,"column":0},"end":{"line":84,"column":34}},"84":{"start":{"line":85,"column":0},"end":{"line":85,"column":60}},"85":{"start":{"line":86,"column":0},"end":{"line":86,"column":32}},"88":{"start":{"line":89,"column":0},"end":{"line":89,"column":43}},"89":{"start":{"line":90,"column":0},"end":{"line":90,"column":130}},"90":{"start":{"line":91,"column":0},"end":{"line":91,"column":94}},"91":{"start":{"line":92,"column":0},"end":{"line":92,"column":23}},"94":{"start":{"line":95,"column":0},"end":{"line":95,"column":31}},"95":{"start":{"line":96,"column":0},"end":{"line":96,"column":69}},"96":{"start":{"line":97,"column":0},"end":{"line":97,"column":25}},"97":{"start":{"line":98,"column":0},"end":{"line":98,"column":21}},"98":{"start":{"line":99,"column":0},"end":{"line":99,"column":17}},"99":{"start":{"line":100,"column":0},"end":{"line":100,"column":78}},"100":{"start":{"line":101,"column":0},"end":{"line":101,"column":23}},"101":{"start":{"line":102,"column":0},"end":{"line":102,"column":40}},"102":{"start":{"line":103,"column":0},"end":{"line":103,"column":140}},"104":{"start":{"line":105,"column":0},"end":{"line":105,"column":48}},"105":{"start":{"line":106,"column":0},"end":{"line":106,"column":61}},"106":{"start":{"line":107,"column":0},"end":{"line":107,"column":25}},"107":{"start":{"line":108,"column":0},"end":{"line":108,"column":19}},"108":{"start":{"line":109,"column":0},"end":{"line":109,"column":17}},"109":{"start":{"line":110,"column":0},"end":{"line":110,"column":16}},"111":{"start":{"line":112,"column":0},"end":{"line":112,"column":15}},"114":{"start":{"line":115,"column":0},"end":{"line":115,"column":148}},"115":{"start":{"line":116,"column":0},"end":{"line":116,"column":46}},"117":{"start":{"line":118,"column":0},"end":{"line":118,"column":103}},"118":{"start":{"line":119,"column":0},"end":{"line":119,"column":111}},"119":{"start":{"line":120,"column":0},"end":{"line":120,"column":69}},"120":{"start":{"line":121,"column":0},"end":{"line":121,"column":18}},"121":{"start":{"line":122,"column":0},"end":{"line":122,"column":16}},"124":{"start":{"line":125,"column":0},"end":{"line":125,"column":39}},"125":{"start":{"line":126,"column":0},"end":{"line":126,"column":38}},"126":{"start":{"line":127,"column":0},"end":{"line":127,"column":39}},"127":{"start":{"line":128,"column":0},"end":{"line":128,"column":36}},"128":{"start":{"line":129,"column":0},"end":{"line":129,"column":23}},"129":{"start":{"line":130,"column":0},"end":{"line":130,"column":34}},"130":{"start":{"line":131,"column":0},"end":{"line":131,"column":32}},"133":{"start":{"line":134,"column":0},"end":{"line":134,"column":43}},"134":{"start":{"line":135,"column":0},"end":{"line":135,"column":66}},"135":{"start":{"line":136,"column":0},"end":{"line":136,"column":135}},"136":{"start":{"line":137,"column":0},"end":{"line":137,"column":23}},"138":{"start":{"line":139,"column":0},"end":{"line":139,"column":38}},"140":{"start":{"line":141,"column":0},"end":{"line":141,"column":31}},"141":{"start":{"line":142,"column":0},"end":{"line":142,"column":79}},"142":{"start":{"line":143,"column":0},"end":{"line":143,"column":25}},"143":{"start":{"line":144,"column":0},"end":{"line":144,"column":21}},"144":{"start":{"line":145,"column":0},"end":{"line":145,"column":17}},"145":{"start":{"line":146,"column":0},"end":{"line":146,"column":17}},"146":{"start":{"line":147,"column":0},"end":{"line":147,"column":16}},"149":{"start":{"line":150,"column":0},"end":{"line":150,"column":69}},"150":{"start":{"line":151,"column":0},"end":{"line":151,"column":23}},"151":{"start":{"line":152,"column":0},"end":{"line":152,"column":49}},"152":{"start":{"line":153,"column":0},"end":{"line":153,"column":29}},"153":{"start":{"line":154,"column":0},"end":{"line":154,"column":50}},"154":{"start":{"line":155,"column":0},"end":{"line":155,"column":29}},"155":{"start":{"line":156,"column":0},"end":{"line":156,"column":32}},"156":{"start":{"line":157,"column":0},"end":{"line":157,"column":14}},"157":{"start":{"line":158,"column":0},"end":{"line":158,"column":23}},"158":{"start":{"line":159,"column":0},"end":{"line":159,"column":51}},"159":{"start":{"line":160,"column":0},"end":{"line":160,"column":28}},"160":{"start":{"line":161,"column":0},"end":{"line":161,"column":36}},"161":{"start":{"line":162,"column":0},"end":{"line":162,"column":29}},"162":{"start":{"line":163,"column":0},"end":{"line":163,"column":63}},"163":{"start":{"line":164,"column":0},"end":{"line":164,"column":14}},"164":{"start":{"line":165,"column":0},"end":{"line":165,"column":16}},"165":{"start":{"line":166,"column":0},"end":{"line":166,"column":14}},"166":{"start":{"line":167,"column":0},"end":{"line":167,"column":14}},"169":{"start":{"line":170,"column":0},"end":{"line":170,"column":138}},"170":{"start":{"line":171,"column":0},"end":{"line":171,"column":46}},"172":{"start":{"line":173,"column":0},"end":{"line":173,"column":99}},"173":{"start":{"line":174,"column":0},"end":{"line":174,"column":125}},"174":{"start":{"line":175,"column":0},"end":{"line":175,"column":69}},"175":{"start":{"line":176,"column":0},"end":{"line":176,"column":18}},"176":{"start":{"line":177,"column":0},"end":{"line":177,"column":17}},"177":{"start":{"line":178,"column":0},"end":{"line":178,"column":110}},"178":{"start":{"line":179,"column":0},"end":{"line":179,"column":98}},"179":{"start":{"line":180,"column":0},"end":{"line":180,"column":18}},"180":{"start":{"line":181,"column":0},"end":{"line":181,"column":16}},"183":{"start":{"line":184,"column":0},"end":{"line":184,"column":20}},"184":{"start":{"line":185,"column":0},"end":{"line":185,"column":77}},"185":{"start":{"line":186,"column":0},"end":{"line":186,"column":55}},"186":{"start":{"line":187,"column":0},"end":{"line":187,"column":121}},"187":{"start":{"line":188,"column":0},"end":{"line":188,"column":74}},"188":{"start":{"line":189,"column":0},"end":{"line":189,"column":22}},"189":{"start":{"line":190,"column":0},"end":{"line":190,"column":48}},"190":{"start":{"line":191,"column":0},"end":{"line":191,"column":99}},"191":{"start":{"line":192,"column":0},"end":{"line":192,"column":31}},"192":{"start":{"line":193,"column":0},"end":{"line":193,"column":22}},"193":{"start":{"line":194,"column":0},"end":{"line":194,"column":89}},"194":{"start":{"line":195,"column":0},"end":{"line":195,"column":32}},"195":{"start":{"line":196,"column":0},"end":{"line":196,"column":22}},"196":{"start":{"line":197,"column":0},"end":{"line":197,"column":22}},"197":{"start":{"line":198,"column":0},"end":{"line":198,"column":20}},"198":{"start":{"line":199,"column":0},"end":{"line":199,"column":18}},"202":{"start":{"line":203,"column":0},"end":{"line":203,"column":55}},"203":{"start":{"line":204,"column":0},"end":{"line":204,"column":43}},"204":{"start":{"line":205,"column":0},"end":{"line":205,"column":39}},"205":{"start":{"line":206,"column":0},"end":{"line":206,"column":36}},"206":{"start":{"line":207,"column":0},"end":{"line":207,"column":23}},"207":{"start":{"line":208,"column":0},"end":{"line":208,"column":34}},"208":{"start":{"line":209,"column":0},"end":{"line":209,"column":32}},"211":{"start":{"line":212,"column":0},"end":{"line":212,"column":43}},"212":{"start":{"line":213,"column":0},"end":{"line":213,"column":76}},"213":{"start":{"line":214,"column":0},"end":{"line":214,"column":135}},"214":{"start":{"line":215,"column":0},"end":{"line":215,"column":23}},"217":{"start":{"line":218,"column":0},"end":{"line":218,"column":31}},"218":{"start":{"line":219,"column":0},"end":{"line":219,"column":45}},"219":{"start":{"line":220,"column":0},"end":{"line":220,"column":25}},"220":{"start":{"line":221,"column":0},"end":{"line":221,"column":21}},"221":{"start":{"line":222,"column":0},"end":{"line":222,"column":17}},"222":{"start":{"line":223,"column":0},"end":{"line":223,"column":17}},"223":{"start":{"line":224,"column":0},"end":{"line":224,"column":16}},"226":{"start":{"line":227,"column":0},"end":{"line":227,"column":69}},"227":{"start":{"line":228,"column":0},"end":{"line":228,"column":19}},"228":{"start":{"line":229,"column":0},"end":{"line":229,"column":36}},"229":{"start":{"line":230,"column":0},"end":{"line":230,"column":149}},"231":{"start":{"line":232,"column":0},"end":{"line":232,"column":44}},"232":{"start":{"line":233,"column":0},"end":{"line":233,"column":33}},"233":{"start":{"line":234,"column":0},"end":{"line":234,"column":21}},"234":{"start":{"line":235,"column":0},"end":{"line":235,"column":16}},"235":{"start":{"line":236,"column":0},"end":{"line":236,"column":14}},"236":{"start":{"line":237,"column":0},"end":{"line":237,"column":14}},"239":{"start":{"line":240,"column":0},"end":{"line":240,"column":24}},"240":{"start":{"line":241,"column":0},"end":{"line":241,"column":148}},"241":{"start":{"line":242,"column":0},"end":{"line":242,"column":64}},"242":{"start":{"line":243,"column":0},"end":{"line":243,"column":49}},"243":{"start":{"line":244,"column":0},"end":{"line":244,"column":34}},"244":{"start":{"line":245,"column":0},"end":{"line":245,"column":21}},"245":{"start":{"line":246,"column":0},"end":{"line":246,"column":32}},"246":{"start":{"line":247,"column":0},"end":{"line":247,"column":30}},"249":{"start":{"line":250,"column":0},"end":{"line":250,"column":41}},"250":{"start":{"line":251,"column":0},"end":{"line":251,"column":55}},"251":{"start":{"line":252,"column":0},"end":{"line":252,"column":62}},"252":{"start":{"line":253,"column":0},"end":{"line":253,"column":21}},"255":{"start":{"line":256,"column":0},"end":{"line":256,"column":29}},"256":{"start":{"line":257,"column":0},"end":{"line":257,"column":89}},"257":{"start":{"line":258,"column":0},"end":{"line":258,"column":23}},"258":{"start":{"line":259,"column":0},"end":{"line":259,"column":19}},"259":{"start":{"line":260,"column":0},"end":{"line":260,"column":15}},"260":{"start":{"line":261,"column":0},"end":{"line":261,"column":15}},"261":{"start":{"line":262,"column":0},"end":{"line":262,"column":14}},"263":{"start":{"line":264,"column":0},"end":{"line":264,"column":7}},"265":{"start":{"line":266,"column":0},"end":{"line":266,"column":1}}},"s":{"0":1,"24":1,"25":1,"26":1,"27":1,"28":1,"29":1,"30":1,"32":1,"33":2,"34":2,"35":2,"36":2,"37":2,"39":2,"40":0,"41":0,"42":0,"44":2,"46":2,"47":2,"49":2,"50":2,"51":2,"52":2,"53":2,"54":2,"55":2,"56":2,"57":2,"58":2,"59":2,"61":2,"62":2,"63":2,"64":2,"65":2,"66":2,"67":2,"68":2,"69":2,"70":2,"71":2,"72":2,"73":2,"74":2,"77":2,"78":1,"79":1,"80":1,"81":5,"82":5,"83":5,"84":5,"85":5,"88":5,"89":1,"90":4,"91":5,"94":5,"95":5,"96":5,"97":5,"98":1,"99":1,"100":1,"101":1,"102":1,"104":1,"105":1,"106":1,"107":1,"108":1,"109":1,"111":2,"114":2,"115":2,"117":2,"118":2,"119":2,"120":2,"121":2,"124":2,"125":2,"126":2,"127":10,"128":10,"129":10,"130":10,"133":10,"134":2,"135":8,"136":10,"138":10,"140":10,"141":10,"142":10,"143":10,"144":2,"145":2,"146":2,"149":2,"150":2,"151":2,"152":2,"153":2,"154":2,"155":2,"156":2,"157":2,"158":2,"159":2,"160":2,"161":2,"162":2,"163":2,"164":2,"165":2,"166":2,"169":2,"170":2,"172":2,"173":2,"174":2,"175":2,"176":2,"177":2,"178":2,"179":2,"180":2,"183":2,"184":2,"185":2,"186":2,"187":2,"188":2,"189":2,"190":2,"191":2,"192":2,"193":2,"194":2,"195":2,"196":2,"197":2,"198":2,"202":2,"203":2,"204":2,"205":10,"206":10,"207":10,"208":10,"211":10,"212":2,"213":8,"214":10,"217":10,"218":10,"219":10,"220":10,"221":2,"222":2,"223":2,"226":2,"227":2,"228":2,"229":2,"231":2,"232":2,"233":2,"234":2,"235":2,"236":2,"239":2,"240":0,"241":0,"242":0,"243":0,"244":0,"245":0,"246":0,"249":0,"250":0,"251":0,"252":0,"255":0,"256":0,"257":0,"258":0,"259":0,"260":0,"261":0,"263":2,"265":2},"branchMap":{"0":{"type":"branch","line":33,"loc":{"start":{"line":33,"column":7},"end":{"line":266,"column":1}},"locations":[{"start":{"line":33,"column":7},"end":{"line":266,"column":1}}]},"1":{"type":"branch","line":54,"loc":{"start":{"line":54,"column":20},"end":{"line":54,"column":65}},"locations":[{"start":{"line":54,"column":20},"end":{"line":54,"column":65}}]},"2":{"type":"branch","line":54,"loc":{"start":{"line":54,"column":60},"end":{"line":54,"column":94}},"locations":[{"start":{"line":54,"column":60},"end":{"line":54,"column":94}}]},"3":{"type":"branch","line":55,"loc":{"start":{"line":55,"column":21},"end":{"line":55,"column":53}},"locations":[{"start":{"line":55,"column":21},"end":{"line":55,"column":53}}]},"4":{"type":"branch","line":55,"loc":{"start":{"line":55,"column":38},"end":{"line":55,"column":65}},"locations":[{"start":{"line":55,"column":38},"end":{"line":55,"column":65}}]},"5":{"type":"branch","line":78,"loc":{"start":{"line":78,"column":9},"end":{"line":110,"column":16}},"locations":[{"start":{"line":78,"column":9},"end":{"line":110,"column":16}}]},"6":{"type":"branch","line":240,"loc":{"start":{"line":240,"column":7},"end":{"line":262,"column":14}},"locations":[{"start":{"line":240,"column":7},"end":{"line":262,"column":14}}]},"7":{"type":"branch","line":45,"loc":{"start":{"line":45,"column":19},"end":{"line":45,"column":108}},"locations":[{"start":{"line":45,"column":19},"end":{"line":45,"column":108}}]},"8":{"type":"branch","line":45,"loc":{"start":{"line":45,"column":59},"end":{"line":45,"column":108}},"locations":[{"start":{"line":45,"column":59},"end":{"line":45,"column":108}}]},"9":{"type":"branch","line":56,"loc":{"start":{"line":56,"column":23},"end":{"line":56,"column":64}},"locations":[{"start":{"line":56,"column":23},"end":{"line":56,"column":64}}]},"10":{"type":"branch","line":81,"loc":{"start":{"line":81,"column":28},"end":{"line":98,"column":21}},"locations":[{"start":{"line":81,"column":28},"end":{"line":98,"column":21}}]},"11":{"type":"branch","line":89,"loc":{"start":{"line":89,"column":42},"end":{"line":90,"column":130}},"locations":[{"start":{"line":89,"column":42},"end":{"line":90,"column":130}}]},"12":{"type":"branch","line":90,"loc":{"start":{"line":90,"column":28},"end":{"line":91,"column":94}},"locations":[{"start":{"line":90,"column":28},"end":{"line":91,"column":94}}]},"13":{"type":"branch","line":127,"loc":{"start":{"line":127,"column":28},"end":{"line":144,"column":21}},"locations":[{"start":{"line":127,"column":28},"end":{"line":144,"column":21}}]},"14":{"type":"branch","line":134,"loc":{"start":{"line":134,"column":42},"end":{"line":135,"column":66}},"locations":[{"start":{"line":134,"column":42},"end":{"line":135,"column":66}}]},"15":{"type":"branch","line":135,"loc":{"start":{"line":135,"column":28},"end":{"line":136,"column":135}},"locations":[{"start":{"line":135,"column":28},"end":{"line":136,"column":135}}]},"16":{"type":"branch","line":205,"loc":{"start":{"line":205,"column":28},"end":{"line":221,"column":21}},"locations":[{"start":{"line":205,"column":28},"end":{"line":221,"column":21}}]},"17":{"type":"branch","line":212,"loc":{"start":{"line":212,"column":42},"end":{"line":213,"column":76}},"locations":[{"start":{"line":212,"column":42},"end":{"line":213,"column":76}}]},"18":{"type":"branch","line":213,"loc":{"start":{"line":213,"column":28},"end":{"line":214,"column":135}},"locations":[{"start":{"line":213,"column":28},"end":{"line":214,"column":135}}]}},"b":{"0":[2],"1":[1],"2":[1],"3":[1],"4":[1],"5":[1],"6":[0],"7":[25],"8":[20],"9":[1],"10":[5],"11":[1],"12":[4],"13":[10],"14":[2],"15":[8],"16":[10],"17":[2],"18":[8]},"fnMap":{"0":{"name":"Navigation","decl":{"start":{"line":33,"column":7},"end":{"line":266,"column":1}},"loc":{"start":{"line":33,"column":7},"end":{"line":266,"column":1}},"line":33},"1":{"name":"handleLogout","decl":{"start":{"line":40,"column":23},"end":{"line":43,"column":4}},"loc":{"start":{"line":40,"column":23},"end":{"line":43,"column":4}},"line":40},"2":{"name":"isActive","decl":{"start":{"line":45,"column":19},"end":{"line":45,"column":108}},"loc":{"start":{"line":45,"column":19},"end":{"line":45,"column":108}},"line":45},"3":{"name":"onClick","decl":{"start":{"line":56,"column":23},"end":{"line":56,"column":64}},"loc":{"start":{"line":56,"column":23},"end":{"line":56,"column":64}},"line":56},"4":{"name":"onClick","decl":{"start":{"line":71,"column":23},"end":{"line":71,"column":50}},"loc":{"start":{"line":71,"column":23},"end":{"line":71,"column":50}},"line":71},"5":{"name":"onClick","decl":{"start":{"line":85,"column":29},"end":{"line":85,"column":60}},"loc":{"start":{"line":85,"column":29},"end":{"line":85,"column":60}},"line":85},"6":{"name":"onClick","decl":{"start":{"line":154,"column":23},"end":{"line":154,"column":50}},"loc":{"start":{"line":154,"column":23},"end":{"line":154,"column":50}},"line":154}},"f":{"0":2,"1":0,"2":25,"3":1,"4":0,"5":0,"6":0}}
,"C:\\Users\\Corey\\OneDrive\\Desktop\\Swen660Part2\\CareConnect_Combined\\SWEN_661_Team_3\\CareConnect_Web\\src\\context\\AppContext.tsx": {"path":"C:\\Users\\Corey\\OneDrive\\Desktop\\Swen660Part2\\CareConnect_Combined\\SWEN_661_Team_3\\CareConnect_Web\\src\\context\\AppContext.tsx","all":false,"statementMap":{"0":{"start":{"line":1,"column":0},"end":{"line":1,"column":89}},"67":{"start":{"line":68,"column":0},"end":{"line":68,"column":72}},"69":{"start":{"line":70,"column":0},"end":{"line":70,"column":29}},"70":{"start":{"line":71,"column":0},"end":{"line":71,"column":41}},"71":{"start":{"line":72,"column":0},"end":{"line":72,"column":17}},"74":{"start":{"line":75,"column":0},"end":{"line":75,"column":60}},"75":{"start":{"line":76,"column":0},"end":{"line":76,"column":62}},"76":{"start":{"line":77,"column":0},"end":{"line":77,"column":3}},"77":{"start":{"line":78,"column":0},"end":{"line":78,"column":17}},"78":{"start":{"line":79,"column":0},"end":{"line":79,"column":2}},"80":{"start":{"line":81,"column":0},"end":{"line":81,"column":81}},"81":{"start":{"line":82,"column":0},"end":{"line":82,"column":64}},"82":{"start":{"line":83,"column":0},"end":{"line":83,"column":59}},"83":{"start":{"line":84,"column":0},"end":{"line":84,"column":47}},"84":{"start":{"line":85,"column":0},"end":{"line":85,"column":5}},"85":{"start":{"line":86,"column":0},"end":{"line":86,"column":58}},"86":{"start":{"line":87,"column":0},"end":{"line":87,"column":56}},"87":{"start":{"line":88,"column":0},"end":{"line":88,"column":47}},"88":{"start":{"line":89,"column":0},"end":{"line":89,"column":5}},"89":{"start":{"line":90,"column":0},"end":{"line":90,"column":66}},"90":{"start":{"line":91,"column":0},"end":{"line":91,"column":60}},"91":{"start":{"line":92,"column":0},"end":{"line":92,"column":46}},"92":{"start":{"line":93,"column":0},"end":{"line":93,"column":5}},"93":{"start":{"line":94,"column":0},"end":{"line":94,"column":64}},"94":{"start":{"line":95,"column":0},"end":{"line":95,"column":5}},"95":{"start":{"line":96,"column":0},"end":{"line":96,"column":14}},"96":{"start":{"line":97,"column":0},"end":{"line":97,"column":25}},"97":{"start":{"line":98,"column":0},"end":{"line":98,"column":19}},"98":{"start":{"line":99,"column":0},"end":{"line":99,"column":30}},"99":{"start":{"line":100,"column":0},"end":{"line":100,"column":23}},"100":{"start":{"line":101,"column":0},"end":{"line":101,"column":26}},"101":{"start":{"line":102,"column":0},"end":{"line":102,"column":41}},"102":{"start":{"line":103,"column":0},"end":{"line":103,"column":18}},"103":{"start":{"line":104,"column":0},"end":{"line":104,"column":6}},"104":{"start":{"line":105,"column":0},"end":{"line":105,"column":5}},"105":{"start":{"line":106,"column":0},"end":{"line":106,"column":14}},"106":{"start":{"line":107,"column":0},"end":{"line":107,"column":24}},"107":{"start":{"line":108,"column":0},"end":{"line":108,"column":20}},"108":{"start":{"line":109,"column":0},"end":{"line":109,"column":31}},"109":{"start":{"line":110,"column":0},"end":{"line":110,"column":32}},"110":{"start":{"line":111,"column":0},"end":{"line":111,"column":26}},"111":{"start":{"line":112,"column":0},"end":{"line":112,"column":41}},"112":{"start":{"line":113,"column":0},"end":{"line":113,"column":18}},"113":{"start":{"line":114,"column":0},"end":{"line":114,"column":6}},"114":{"start":{"line":115,"column":0},"end":{"line":115,"column":5}},"115":{"start":{"line":116,"column":0},"end":{"line":116,"column":67}},"116":{"start":{"line":117,"column":0},"end":{"line":117,"column":5}},"117":{"start":{"line":118,"column":0},"end":{"line":118,"column":14}},"118":{"start":{"line":119,"column":0},"end":{"line":119,"column":37}},"119":{"start":{"line":120,"column":0},"end":{"line":120,"column":25}},"120":{"start":{"line":121,"column":0},"end":{"line":121,"column":20}},"121":{"start":{"line":122,"column":0},"end":{"line":122,"column":38}},"122":{"start":{"line":123,"column":0},"end":{"line":123,"column":34}},"123":{"start":{"line":124,"column":0},"end":{"line":124,"column":6}},"124":{"start":{"line":125,"column":0},"end":{"line":125,"column":5}},"125":{"start":{"line":126,"column":0},"end":{"line":126,"column":14}},"126":{"start":{"line":127,"column":0},"end":{"line":127,"column":32}},"127":{"start":{"line":128,"column":0},"end":{"line":128,"column":25}},"128":{"start":{"line":129,"column":0},"end":{"line":129,"column":20}},"129":{"start":{"line":130,"column":0},"end":{"line":130,"column":31}},"130":{"start":{"line":131,"column":0},"end":{"line":131,"column":33}},"131":{"start":{"line":132,"column":0},"end":{"line":132,"column":6}},"132":{"start":{"line":133,"column":0},"end":{"line":133,"column":5}},"133":{"start":{"line":134,"column":0},"end":{"line":134,"column":58}},"134":{"start":{"line":135,"column":0},"end":{"line":135,"column":92}},"135":{"start":{"line":136,"column":0},"end":{"line":136,"column":75}},"136":{"start":{"line":137,"column":0},"end":{"line":137,"column":81}},"137":{"start":{"line":138,"column":0},"end":{"line":138,"column":68}},"138":{"start":{"line":139,"column":0},"end":{"line":139,"column":5}},"139":{"start":{"line":140,"column":0},"end":{"line":140,"column":42}},"140":{"start":{"line":141,"column":0},"end":{"line":141,"column":82}},"141":{"start":{"line":142,"column":0},"end":{"line":142,"column":87}},"142":{"start":{"line":143,"column":0},"end":{"line":143,"column":78}},"143":{"start":{"line":144,"column":0},"end":{"line":144,"column":5}},"144":{"start":{"line":145,"column":0},"end":{"line":145,"column":62}},"145":{"start":{"line":146,"column":0},"end":{"line":146,"column":53}},"146":{"start":{"line":147,"column":0},"end":{"line":147,"column":71}},"147":{"start":{"line":148,"column":0},"end":{"line":148,"column":5}},"148":{"start":{"line":149,"column":0},"end":{"line":149,"column":65}},"150":{"start":{"line":151,"column":0},"end":{"line":151,"column":19}},"151":{"start":{"line":152,"column":0},"end":{"line":152,"column":77}},"152":{"start":{"line":153,"column":0},"end":{"line":153,"column":24}},"154":{"start":{"line":155,"column":0},"end":{"line":155,"column":19}},"155":{"start":{"line":156,"column":0},"end":{"line":156,"column":71}},"156":{"start":{"line":157,"column":0},"end":{"line":157,"column":21}},"158":{"start":{"line":159,"column":0},"end":{"line":159,"column":19}},"159":{"start":{"line":160,"column":0},"end":{"line":160,"column":79}},"160":{"start":{"line":161,"column":0},"end":{"line":161,"column":25}},"162":{"start":{"line":163,"column":0},"end":{"line":163,"column":19}},"163":{"start":{"line":164,"column":0},"end":{"line":164,"column":65}},"164":{"start":{"line":165,"column":0},"end":{"line":165,"column":18}},"166":{"start":{"line":167,"column":0},"end":{"line":167,"column":70}},"167":{"start":{"line":168,"column":0},"end":{"line":168,"column":32}},"168":{"start":{"line":169,"column":0},"end":{"line":169,"column":13}},"169":{"start":{"line":170,"column":0},"end":{"line":170,"column":32}},"170":{"start":{"line":171,"column":0},"end":{"line":171,"column":18}},"171":{"start":{"line":172,"column":0},"end":{"line":172,"column":6}},"172":{"start":{"line":173,"column":0},"end":{"line":173,"column":45}},"173":{"start":{"line":174,"column":0},"end":{"line":174,"column":4}},"175":{"start":{"line":176,"column":0},"end":{"line":176,"column":56}},"176":{"start":{"line":177,"column":0},"end":{"line":177,"column":43}},"177":{"start":{"line":178,"column":0},"end":{"line":178,"column":26}},"178":{"start":{"line":179,"column":0},"end":{"line":179,"column":16}},"179":{"start":{"line":180,"column":0},"end":{"line":180,"column":17}},"180":{"start":{"line":181,"column":0},"end":{"line":181,"column":67}},"181":{"start":{"line":182,"column":0},"end":{"line":182,"column":109}},"182":{"start":{"line":183,"column":0},"end":{"line":183,"column":10}},"183":{"start":{"line":184,"column":0},"end":{"line":184,"column":7}},"184":{"start":{"line":185,"column":0},"end":{"line":185,"column":17}},"185":{"start":{"line":186,"column":0},"end":{"line":186,"column":8}},"186":{"start":{"line":187,"column":0},"end":{"line":187,"column":4}},"188":{"start":{"line":189,"column":0},"end":{"line":189,"column":56}},"189":{"start":{"line":190,"column":0},"end":{"line":190,"column":43}},"190":{"start":{"line":191,"column":0},"end":{"line":191,"column":26}},"191":{"start":{"line":192,"column":0},"end":{"line":192,"column":16}},"192":{"start":{"line":193,"column":0},"end":{"line":193,"column":17}},"193":{"start":{"line":194,"column":0},"end":{"line":194,"column":111}},"194":{"start":{"line":195,"column":0},"end":{"line":195,"column":10}},"195":{"start":{"line":196,"column":0},"end":{"line":196,"column":7}},"196":{"start":{"line":197,"column":0},"end":{"line":197,"column":17}},"197":{"start":{"line":198,"column":0},"end":{"line":198,"column":8}},"198":{"start":{"line":199,"column":0},"end":{"line":199,"column":4}},"200":{"start":{"line":201,"column":0},"end":{"line":201,"column":42}},"201":{"start":{"line":202,"column":0},"end":{"line":202,"column":43}},"202":{"start":{"line":203,"column":0},"end":{"line":203,"column":52}},"203":{"start":{"line":204,"column":0},"end":{"line":204,"column":44}},"204":{"start":{"line":205,"column":0},"end":{"line":205,"column":25}},"205":{"start":{"line":206,"column":0},"end":{"line":206,"column":16}},"206":{"start":{"line":207,"column":0},"end":{"line":207,"column":17}},"207":{"start":{"line":208,"column":0},"end":{"line":208,"column":30}},"208":{"start":{"line":209,"column":0},"end":{"line":209,"column":99}},"209":{"start":{"line":210,"column":0},"end":{"line":210,"column":118}},"210":{"start":{"line":211,"column":0},"end":{"line":211,"column":24}},"211":{"start":{"line":212,"column":0},"end":{"line":212,"column":10}},"212":{"start":{"line":213,"column":0},"end":{"line":213,"column":7}},"213":{"start":{"line":214,"column":0},"end":{"line":214,"column":17}},"214":{"start":{"line":215,"column":0},"end":{"line":215,"column":8}},"215":{"start":{"line":216,"column":0},"end":{"line":216,"column":4}},"217":{"start":{"line":218,"column":0},"end":{"line":218,"column":60}},"218":{"start":{"line":219,"column":0},"end":{"line":219,"column":33}},"219":{"start":{"line":220,"column":0},"end":{"line":220,"column":13}},"220":{"start":{"line":221,"column":0},"end":{"line":221,"column":32}},"221":{"start":{"line":222,"column":0},"end":{"line":222,"column":6}},"222":{"start":{"line":223,"column":0},"end":{"line":223,"column":47}},"223":{"start":{"line":224,"column":0},"end":{"line":224,"column":4}},"225":{"start":{"line":226,"column":0},"end":{"line":226,"column":44}},"226":{"start":{"line":227,"column":0},"end":{"line":227,"column":25}},"227":{"start":{"line":228,"column":0},"end":{"line":228,"column":26}},"228":{"start":{"line":229,"column":0},"end":{"line":229,"column":38}},"229":{"start":{"line":230,"column":0},"end":{"line":230,"column":25}},"230":{"start":{"line":231,"column":0},"end":{"line":231,"column":6}},"231":{"start":{"line":232,"column":0},"end":{"line":232,"column":4}},"233":{"start":{"line":234,"column":0},"end":{"line":234,"column":47}},"234":{"start":{"line":235,"column":0},"end":{"line":235,"column":24}},"235":{"start":{"line":236,"column":0},"end":{"line":236,"column":30}},"236":{"start":{"line":237,"column":0},"end":{"line":237,"column":70}},"237":{"start":{"line":238,"column":0},"end":{"line":238,"column":4}},"239":{"start":{"line":240,"column":0},"end":{"line":240,"column":38}},"240":{"start":{"line":241,"column":0},"end":{"line":241,"column":25}},"241":{"start":{"line":242,"column":0},"end":{"line":242,"column":4}},"243":{"start":{"line":244,"column":0},"end":{"line":244,"column":10}},"244":{"start":{"line":245,"column":0},"end":{"line":245,"column":24}},"245":{"start":{"line":246,"column":0},"end":{"line":246,"column":14}},"246":{"start":{"line":247,"column":0},"end":{"line":247,"column":24}},"247":{"start":{"line":248,"column":0},"end":{"line":248,"column":21}},"248":{"start":{"line":249,"column":0},"end":{"line":249,"column":24}},"249":{"start":{"line":250,"column":0},"end":{"line":250,"column":25}},"250":{"start":{"line":251,"column":0},"end":{"line":251,"column":28}},"251":{"start":{"line":252,"column":0},"end":{"line":252,"column":20}},"252":{"start":{"line":253,"column":0},"end":{"line":253,"column":22}},"253":{"start":{"line":254,"column":0},"end":{"line":254,"column":23}},"254":{"start":{"line":255,"column":0},"end":{"line":255,"column":23}},"255":{"start":{"line":256,"column":0},"end":{"line":256,"column":23}},"256":{"start":{"line":257,"column":0},"end":{"line":257,"column":21}},"257":{"start":{"line":258,"column":0},"end":{"line":258,"column":23}},"258":{"start":{"line":259,"column":0},"end":{"line":259,"column":25}},"259":{"start":{"line":260,"column":0},"end":{"line":260,"column":17}},"260":{"start":{"line":261,"column":0},"end":{"line":261,"column":18}},"261":{"start":{"line":262,"column":0},"end":{"line":262,"column":23}},"262":{"start":{"line":263,"column":0},"end":{"line":263,"column":14}},"263":{"start":{"line":264,"column":0},"end":{"line":264,"column":15}},"265":{"start":{"line":266,"column":0},"end":{"line":266,"column":20}},"266":{"start":{"line":267,"column":0},"end":{"line":267,"column":17}},"267":{"start":{"line":268,"column":0},"end":{"line":268,"column":8}},"269":{"start":{"line":270,"column":0},"end":{"line":270,"column":16}},"270":{"start":{"line":271,"column":0},"end":{"line":271,"column":26}},"272":{"start":{"line":273,"column":0},"end":{"line":273,"column":2}}},"s":{"0":1,"67":1,"69":1,"70":24,"71":24,"74":0,"75":0,"76":0,"77":24,"78":24,"80":1,"81":16,"82":4,"83":4,"84":16,"85":16,"86":4,"87":4,"88":16,"89":16,"90":4,"91":4,"92":16,"93":16,"94":16,"95":16,"96":16,"97":16,"98":16,"99":16,"100":16,"101":16,"102":16,"103":16,"104":16,"105":16,"106":16,"107":16,"108":16,"109":16,"110":16,"111":16,"112":16,"113":16,"114":16,"115":16,"116":16,"117":16,"118":16,"119":16,"120":16,"121":16,"122":16,"123":16,"124":16,"125":16,"126":16,"127":16,"128":16,"129":16,"130":16,"131":16,"132":16,"133":16,"134":16,"135":16,"136":16,"137":16,"138":16,"139":16,"140":16,"141":16,"142":16,"143":16,"144":16,"145":4,"146":4,"147":16,"148":16,"150":16,"151":6,"152":16,"154":16,"155":5,"156":16,"158":16,"159":5,"160":16,"162":16,"163":5,"164":16,"166":16,"167":1,"168":1,"169":1,"170":1,"171":1,"172":1,"173":1,"175":16,"176":1,"177":3,"178":1,"179":1,"180":1,"181":1,"182":1,"183":1,"184":2,"185":1,"186":1,"188":16,"189":1,"190":3,"191":1,"192":1,"193":1,"194":1,"195":1,"196":2,"197":1,"198":1,"200":16,"201":1,"202":3,"203":1,"204":1,"205":1,"206":1,"207":1,"208":1,"209":1,"210":0,"211":1,"212":1,"213":2,"214":1,"215":1,"217":16,"218":1,"219":1,"220":1,"221":1,"222":1,"223":1,"225":16,"226":1,"227":1,"228":0,"229":1,"230":1,"231":1,"233":16,"234":16,"235":1,"236":1,"237":1,"239":16,"240":2,"241":2,"243":16,"244":16,"245":16,"246":16,"247":16,"248":16,"249":16,"250":16,"251":16,"252":16,"253":16,"254":16,"255":16,"256":16,"257":16,"258":16,"259":16,"260":16,"261":16,"262":16,"263":16,"265":16,"266":16,"267":16,"269":16,"270":16,"272":16},"branchMap":{"0":{"type":"branch","line":70,"loc":{"start":{"line":70,"column":22},"end":{"line":79,"column":2}},"locations":[{"start":{"line":70,"column":22},"end":{"line":79,"column":2}}]},"1":{"type":"branch","line":72,"loc":{"start":{"line":72,"column":16},"end":{"line":77,"column":3}},"locations":[{"start":{"line":72,"column":16},"end":{"line":77,"column":3}}]},"2":{"type":"branch","line":81,"loc":{"start":{"line":81,"column":62},"end":{"line":273,"column":2}},"locations":[{"start":{"line":81,"column":62},"end":{"line":273,"column":2}}]},"3":{"type":"branch","line":82,"loc":{"start":{"line":82,"column":57},"end":{"line":85,"column":3}},"locations":[{"start":{"line":82,"column":57},"end":{"line":85,"column":3}}]},"4":{"type":"branch","line":84,"loc":{"start":{"line":84,"column":11},"end":{"line":84,"column":41}},"locations":[{"start":{"line":84,"column":11},"end":{"line":84,"column":41}}]},"5":{"type":"branch","line":84,"loc":{"start":{"line":84,"column":37},"end":{"line":84,"column":47}},"locations":[{"start":{"line":84,"column":37},"end":{"line":84,"column":47}}]},"6":{"type":"branch","line":86,"loc":{"start":{"line":86,"column":51},"end":{"line":89,"column":3}},"locations":[{"start":{"line":86,"column":51},"end":{"line":89,"column":3}}]},"7":{"type":"branch","line":88,"loc":{"start":{"line":88,"column":11},"end":{"line":88,"column":41}},"locations":[{"start":{"line":88,"column":11},"end":{"line":88,"column":41}}]},"8":{"type":"branch","line":88,"loc":{"start":{"line":88,"column":37},"end":{"line":88,"column":47}},"locations":[{"start":{"line":88,"column":37},"end":{"line":88,"column":47}}]},"9":{"type":"branch","line":90,"loc":{"start":{"line":90,"column":59},"end":{"line":93,"column":3}},"locations":[{"start":{"line":90,"column":59},"end":{"line":93,"column":3}}]},"10":{"type":"branch","line":92,"loc":{"start":{"line":92,"column":11},"end":{"line":92,"column":41}},"locations":[{"start":{"line":92,"column":11},"end":{"line":92,"column":41}}]},"11":{"type":"branch","line":145,"loc":{"start":{"line":145,"column":55},"end":{"line":148,"column":3}},"locations":[{"start":{"line":145,"column":55},"end":{"line":148,"column":3}}]},"12":{"type":"branch","line":147,"loc":{"start":{"line":147,"column":11},"end":{"line":147,"column":41}},"locations":[{"start":{"line":147,"column":11},"end":{"line":147,"column":41}}]},"13":{"type":"branch","line":151,"loc":{"start":{"line":151,"column":12},"end":{"line":153,"column":5}},"locations":[{"start":{"line":151,"column":12},"end":{"line":153,"column":5}}]},"14":{"type":"branch","line":155,"loc":{"start":{"line":155,"column":12},"end":{"line":157,"column":5}},"locations":[{"start":{"line":155,"column":12},"end":{"line":157,"column":5}}]},"15":{"type":"branch","line":159,"loc":{"start":{"line":159,"column":12},"end":{"line":161,"column":5}},"locations":[{"start":{"line":159,"column":12},"end":{"line":161,"column":5}}]},"16":{"type":"branch","line":163,"loc":{"start":{"line":163,"column":12},"end":{"line":165,"column":5}},"locations":[{"start":{"line":163,"column":12},"end":{"line":165,"column":5}}]},"17":{"type":"branch","line":167,"loc":{"start":{"line":167,"column":24},"end":{"line":174,"column":4}},"locations":[{"start":{"line":167,"column":24},"end":{"line":174,"column":4}}]},"18":{"type":"branch","line":176,"loc":{"start":{"line":176,"column":25},"end":{"line":187,"column":4}},"locations":[{"start":{"line":176,"column":25},"end":{"line":187,"column":4}}]},"19":{"type":"branch","line":177,"loc":{"start":{"line":177,"column":35},"end":{"line":186,"column":5}},"locations":[{"start":{"line":177,"column":35},"end":{"line":186,"column":5}}]},"20":{"type":"branch","line":178,"loc":{"start":{"line":178,"column":25},"end":{"line":184,"column":7}},"locations":[{"start":{"line":178,"column":25},"end":{"line":184,"column":7}}]},"21":{"type":"branch","line":184,"loc":{"start":{"line":184,"column":6},"end":{"line":185,"column":17}},"locations":[{"start":{"line":184,"column":6},"end":{"line":185,"column":17}}]},"22":{"type":"branch","line":189,"loc":{"start":{"line":189,"column":25},"end":{"line":199,"column":4}},"locations":[{"start":{"line":189,"column":25},"end":{"line":199,"column":4}}]},"23":{"type":"branch","line":190,"loc":{"start":{"line":190,"column":35},"end":{"line":198,"column":5}},"locations":[{"start":{"line":190,"column":35},"end":{"line":198,"column":5}}]},"24":{"type":"branch","line":191,"loc":{"start":{"line":191,"column":25},"end":{"line":196,"column":7}},"locations":[{"start":{"line":191,"column":25},"end":{"line":196,"column":7}}]},"25":{"type":"branch","line":196,"loc":{"start":{"line":196,"column":6},"end":{"line":197,"column":17}},"locations":[{"start":{"line":196,"column":6},"end":{"line":197,"column":17}}]},"26":{"type":"branch","line":201,"loc":{"start":{"line":201,"column":25},"end":{"line":216,"column":4}},"locations":[{"start":{"line":201,"column":25},"end":{"line":216,"column":4}}]},"27":{"type":"branch","line":202,"loc":{"start":{"line":202,"column":35},"end":{"line":215,"column":5}},"locations":[{"start":{"line":202,"column":35},"end":{"line":215,"column":5}}]},"28":{"type":"branch","line":203,"loc":{"start":{"line":203,"column":21},"end":{"line":203,"column":51}},"locations":[{"start":{"line":203,"column":21},"end":{"line":203,"column":51}}]},"29":{"type":"branch","line":203,"loc":{"start":{"line":203,"column":51},"end":{"line":213,"column":7}},"locations":[{"start":{"line":203,"column":51},"end":{"line":213,"column":7}}]},"30":{"type":"branch","line":210,"loc":{"start":{"line":210,"column":117},"end":{"line":211,"column":24}},"locations":[{"start":{"line":210,"column":117},"end":{"line":211,"column":24}}]},"31":{"type":"branch","line":213,"loc":{"start":{"line":213,"column":6},"end":{"line":214,"column":17}},"locations":[{"start":{"line":213,"column":6},"end":{"line":214,"column":17}}]},"32":{"type":"branch","line":218,"loc":{"start":{"line":218,"column":25},"end":{"line":224,"column":4}},"locations":[{"start":{"line":218,"column":25},"end":{"line":224,"column":4}}]},"33":{"type":"branch","line":226,"loc":{"start":{"line":226,"column":25},"end":{"line":232,"column":4}},"locations":[{"start":{"line":226,"column":25},"end":{"line":232,"column":4}}]},"34":{"type":"branch","line":227,"loc":{"start":{"line":227,"column":17},"end":{"line":230,"column":25}},"locations":[{"start":{"line":227,"column":17},"end":{"line":230,"column":25}}]},"35":{"type":"branch","line":228,"loc":{"start":{"line":228,"column":24},"end":{"line":229,"column":38}},"locations":[{"start":{"line":228,"column":24},"end":{"line":229,"column":38}}]},"36":{"type":"branch","line":234,"loc":{"start":{"line":234,"column":16},"end":{"line":234,"column":47}},"locations":[{"start":{"line":234,"column":16},"end":{"line":234,"column":47}}]},"37":{"type":"branch","line":235,"loc":{"start":{"line":235,"column":17},"end":{"line":238,"column":4}},"locations":[{"start":{"line":235,"column":17},"end":{"line":238,"column":4}}]},"38":{"type":"branch","line":240,"loc":{"start":{"line":240,"column":19},"end":{"line":242,"column":4}},"locations":[{"start":{"line":240,"column":19},"end":{"line":242,"column":4}}]}},"b":{"0":[24],"1":[0],"2":[16],"3":[4],"4":[1],"5":[3],"6":[4],"7":[1],"8":[3],"9":[4],"10":[0],"11":[4],"12":[0],"13":[6],"14":[5],"15":[5],"16":[5],"17":[1],"18":[1],"19":[3],"20":[1],"21":[2],"22":[1],"23":[3],"24":[1],"25":[2],"26":[1],"27":[3],"28":[1],"29":[1],"30":[0],"31":[2],"32":[1],"33":[1],"34":[1],"35":[0],"36":[1],"37":[1],"38":[2]},"fnMap":{"0":{"name":"useApp","decl":{"start":{"line":70,"column":22},"end":{"line":79,"column":2}},"loc":{"start":{"line":70,"column":22},"end":{"line":79,"column":2}},"line":70},"1":{"name":"AppProvider","decl":{"start":{"line":81,"column":62},"end":{"line":273,"column":2}},"loc":{"start":{"line":81,"column":62},"end":{"line":273,"column":2}},"line":81},"2":{"name":"addMedication","decl":{"start":{"line":167,"column":24},"end":{"line":174,"column":4}},"loc":{"start":{"line":167,"column":24},"end":{"line":174,"column":4}},"line":167},"3":{"name":"takeMedication","decl":{"start":{"line":176,"column":25},"end":{"line":187,"column":4}},"loc":{"start":{"line":176,"column":25},"end":{"line":187,"column":4}},"line":176},"4":{"name":"skipMedication","decl":{"start":{"line":189,"column":25},"end":{"line":199,"column":4}},"loc":{"start":{"line":189,"column":25},"end":{"line":199,"column":4}},"line":189},"5":{"name":"undoLastAction","decl":{"start":{"line":201,"column":25},"end":{"line":216,"column":4}},"loc":{"start":{"line":201,"column":25},"end":{"line":216,"column":4}},"line":201},"6":{"name":"addAppointment","decl":{"start":{"line":218,"column":25},"end":{"line":224,"column":4}},"loc":{"start":{"line":218,"column":25},"end":{"line":224,"column":4}},"line":218},"7":{"name":"toggleFavorite","decl":{"start":{"line":226,"column":25},"end":{"line":232,"column":4}},"loc":{"start":{"line":226,"column":25},"end":{"line":232,"column":4}},"line":226},"8":{"name":"login","decl":{"start":{"line":234,"column":16},"end":{"line":234,"column":47}},"loc":{"start":{"line":234,"column":16},"end":{"line":234,"column":47}},"line":234},"9":{"name":"logout","decl":{"start":{"line":235,"column":17},"end":{"line":238,"column":4}},"loc":{"start":{"line":235,"column":17},"end":{"line":238,"column":4}},"line":235},"10":{"name":"navigate","decl":{"start":{"line":240,"column":19},"end":{"line":242,"column":4}},"loc":{"start":{"line":240,"column":19},"end":{"line":242,"column":4}},"line":240}},"f":{"0":24,"1":16,"2":1,"3":1,"4":1,"5":1,"6":1,"7":1,"8":1,"9":1,"10":2}}
,"C:\\Users\\Corey\\OneDrive\\Desktop\\Swen660Part2\\CareConnect_Combined\\SWEN_661_Team_3\\CareConnect_Web\\src\\contexts\\AccessibilityContext.tsx": {"path":"C:\\Users\\Corey\\OneDrive\\Desktop\\Swen660Part2\\CareConnect_Combined\\SWEN_661_Team_3\\CareConnect_Web\\src\\contexts\\AccessibilityContext.tsx","all":false,"statementMap":{"0":{"start":{"line":1,"column":0},"end":{"line":1,"column":78}},"14":{"start":{"line":15,"column":0},"end":{"line":15,"column":92}},"16":{"start":{"line":17,"column":0},"end":{"line":17,"column":84}},"17":{"start":{"line":18,"column":0},"end":{"line":18,"column":72}},"18":{"start":{"line":19,"column":0},"end":{"line":19,"column":9}},"19":{"start":{"line":20,"column":0},"end":{"line":20,"column":57}},"20":{"start":{"line":21,"column":0},"end":{"line":21,"column":47}},"21":{"start":{"line":22,"column":0},"end":{"line":22,"column":13}},"22":{"start":{"line":23,"column":0},"end":{"line":23,"column":19}},"23":{"start":{"line":24,"column":0},"end":{"line":24,"column":5}},"24":{"start":{"line":25,"column":0},"end":{"line":25,"column":5}},"26":{"start":{"line":27,"column":0},"end":{"line":27,"column":91}},"27":{"start":{"line":28,"column":0},"end":{"line":28,"column":51}},"28":{"start":{"line":29,"column":0},"end":{"line":29,"column":77}},"29":{"start":{"line":30,"column":0},"end":{"line":30,"column":19}},"30":{"start":{"line":31,"column":0},"end":{"line":31,"column":5}},"31":{"start":{"line":32,"column":0},"end":{"line":32,"column":20}},"32":{"start":{"line":33,"column":0},"end":{"line":33,"column":5}},"34":{"start":{"line":35,"column":0},"end":{"line":35,"column":72}},"35":{"start":{"line":36,"column":0},"end":{"line":36,"column":9}},"36":{"start":{"line":37,"column":0},"end":{"line":37,"column":57}},"37":{"start":{"line":38,"column":0},"end":{"line":38,"column":47}},"38":{"start":{"line":39,"column":0},"end":{"line":39,"column":13}},"39":{"start":{"line":40,"column":0},"end":{"line":40,"column":19}},"40":{"start":{"line":41,"column":0},"end":{"line":41,"column":5}},"41":{"start":{"line":42,"column":0},"end":{"line":42,"column":5}},"43":{"start":{"line":44,"column":0},"end":{"line":44,"column":62}},"44":{"start":{"line":45,"column":0},"end":{"line":45,"column":65}},"45":{"start":{"line":46,"column":0},"end":{"line":46,"column":4}},"47":{"start":{"line":48,"column":0},"end":{"line":48,"column":81}},"49":{"start":{"line":50,"column":0},"end":{"line":50,"column":19}},"50":{"start":{"line":51,"column":0},"end":{"line":51,"column":71}},"51":{"start":{"line":52,"column":0},"end":{"line":52,"column":78}},"52":{"start":{"line":53,"column":0},"end":{"line":53,"column":21}},"54":{"start":{"line":55,"column":0},"end":{"line":55,"column":19}},"55":{"start":{"line":56,"column":0},"end":{"line":56,"column":47}},"56":{"start":{"line":57,"column":0},"end":{"line":57,"column":70}},"57":{"start":{"line":58,"column":0},"end":{"line":58,"column":17}},"59":{"start":{"line":60,"column":0},"end":{"line":60,"column":19}},"60":{"start":{"line":61,"column":0},"end":{"line":61,"column":71}},"61":{"start":{"line":62,"column":0},"end":{"line":62,"column":77}},"62":{"start":{"line":63,"column":0},"end":{"line":63,"column":21}},"64":{"start":{"line":65,"column":0},"end":{"line":65,"column":19}},"65":{"start":{"line":66,"column":0},"end":{"line":66,"column":77}},"66":{"start":{"line":67,"column":0},"end":{"line":67,"column":81}},"67":{"start":{"line":68,"column":0},"end":{"line":68,"column":56}},"68":{"start":{"line":69,"column":0},"end":{"line":69,"column":72}},"69":{"start":{"line":70,"column":0},"end":{"line":70,"column":9}},"71":{"start":{"line":72,"column":0},"end":{"line":72,"column":49}},"72":{"start":{"line":73,"column":0},"end":{"line":73,"column":34}},"73":{"start":{"line":74,"column":0},"end":{"line":74,"column":4}},"75":{"start":{"line":76,"column":0},"end":{"line":76,"column":69}},"76":{"start":{"line":77,"column":0},"end":{"line":77,"column":27}},"77":{"start":{"line":78,"column":0},"end":{"line":78,"column":4}},"79":{"start":{"line":80,"column":0},"end":{"line":80,"column":49}},"80":{"start":{"line":81,"column":0},"end":{"line":81,"column":34}},"81":{"start":{"line":82,"column":0},"end":{"line":82,"column":4}},"83":{"start":{"line":84,"column":0},"end":{"line":84,"column":48}},"84":{"start":{"line":85,"column":0},"end":{"line":85,"column":55}},"85":{"start":{"line":86,"column":0},"end":{"line":86,"column":48}},"86":{"start":{"line":87,"column":0},"end":{"line":87,"column":53}},"87":{"start":{"line":88,"column":0},"end":{"line":88,"column":39}},"88":{"start":{"line":89,"column":0},"end":{"line":89,"column":39}},"89":{"start":{"line":90,"column":0},"end":{"line":90,"column":44}},"90":{"start":{"line":91,"column":0},"end":{"line":91,"column":22}},"91":{"start":{"line":92,"column":0},"end":{"line":92,"column":36}},"92":{"start":{"line":93,"column":0},"end":{"line":93,"column":58}},"93":{"start":{"line":94,"column":0},"end":{"line":94,"column":7}},"94":{"start":{"line":95,"column":0},"end":{"line":95,"column":13}},"95":{"start":{"line":96,"column":0},"end":{"line":96,"column":4}},"97":{"start":{"line":98,"column":0},"end":{"line":98,"column":10}},"98":{"start":{"line":99,"column":0},"end":{"line":99,"column":34}},"99":{"start":{"line":100,"column":0},"end":{"line":100,"column":14}},"100":{"start":{"line":101,"column":0},"end":{"line":101,"column":21}},"101":{"start":{"line":102,"column":0},"end":{"line":102,"column":24}},"102":{"start":{"line":103,"column":0},"end":{"line":103,"column":17}},"103":{"start":{"line":104,"column":0},"end":{"line":104,"column":20}},"104":{"start":{"line":105,"column":0},"end":{"line":105,"column":21}},"105":{"start":{"line":106,"column":0},"end":{"line":106,"column":24}},"106":{"start":{"line":107,"column":0},"end":{"line":107,"column":22}},"107":{"start":{"line":108,"column":0},"end":{"line":108,"column":28}},"108":{"start":{"line":109,"column":0},"end":{"line":109,"column":24}},"109":{"start":{"line":110,"column":0},"end":{"line":110,"column":8}},"111":{"start":{"line":112,"column":0},"end":{"line":112,"column":16}},"112":{"start":{"line":113,"column":0},"end":{"line":113,"column":36}},"114":{"start":{"line":115,"column":0},"end":{"line":115,"column":1}},"116":{"start":{"line":117,"column":0},"end":{"line":117,"column":36}},"117":{"start":{"line":118,"column":0},"end":{"line":118,"column":51}},"118":{"start":{"line":119,"column":0},"end":{"line":119,"column":17}},"119":{"start":{"line":120,"column":0},"end":{"line":120,"column":82}},"120":{"start":{"line":121,"column":0},"end":{"line":121,"column":3}},"121":{"start":{"line":122,"column":0},"end":{"line":122,"column":17}},"122":{"start":{"line":123,"column":0},"end":{"line":123,"column":1}}},"s":{"0":1,"14":1,"16":1,"17":59,"18":39,"19":39,"20":39,"21":39,"22":1,"23":1,"24":59,"26":59,"27":39,"28":39,"29":1,"30":1,"31":38,"32":59,"34":59,"35":39,"36":39,"37":39,"38":39,"39":1,"40":1,"41":59,"43":59,"44":59,"45":59,"47":59,"49":59,"50":45,"51":45,"52":59,"54":59,"55":45,"56":45,"57":59,"59":59,"60":45,"61":45,"62":59,"64":59,"65":39,"66":39,"67":39,"68":39,"69":59,"71":59,"72":6,"73":6,"75":59,"76":10,"77":10,"79":59,"80":6,"81":6,"83":59,"84":6,"85":6,"86":6,"87":6,"88":6,"89":6,"90":6,"91":1,"92":1,"93":1,"94":6,"95":6,"97":59,"98":59,"99":59,"100":59,"101":59,"102":59,"103":59,"104":59,"105":59,"106":59,"107":59,"108":59,"109":59,"111":59,"112":59,"114":59,"116":1,"117":52,"118":52,"119":4,"120":4,"121":48,"122":48},"branchMap":{"0":{"type":"branch","line":17,"loc":{"start":{"line":17,"column":7},"end":{"line":115,"column":1}},"locations":[{"start":{"line":17,"column":7},"end":{"line":115,"column":1}}]},"1":{"type":"branch","line":18,"loc":{"start":{"line":18,"column":65},"end":{"line":25,"column":3}},"locations":[{"start":{"line":18,"column":65},"end":{"line":25,"column":3}}]},"2":{"type":"branch","line":21,"loc":{"start":{"line":21,"column":13},"end":{"line":21,"column":41}},"locations":[{"start":{"line":21,"column":13},"end":{"line":21,"column":41}}]},"3":{"type":"branch","line":21,"loc":{"start":{"line":21,"column":37},"end":{"line":21,"column":47}},"locations":[{"start":{"line":21,"column":37},"end":{"line":21,"column":47}}]},"4":{"type":"branch","line":22,"loc":{"start":{"line":22,"column":4},"end":{"line":24,"column":5}},"locations":[{"start":{"line":22,"column":4},"end":{"line":24,"column":5}}]},"5":{"type":"branch","line":27,"loc":{"start":{"line":27,"column":84},"end":{"line":33,"column":3}},"locations":[{"start":{"line":27,"column":84},"end":{"line":33,"column":3}}]},"6":{"type":"branch","line":29,"loc":{"start":{"line":29,"column":40},"end":{"line":29,"column":76}},"locations":[{"start":{"line":29,"column":40},"end":{"line":29,"column":76}}]},"7":{"type":"branch","line":29,"loc":{"start":{"line":29,"column":76},"end":{"line":31,"column":5}},"locations":[{"start":{"line":29,"column":76},"end":{"line":31,"column":5}}]},"8":{"type":"branch","line":31,"loc":{"start":{"line":31,"column":4},"end":{"line":32,"column":20}},"locations":[{"start":{"line":31,"column":4},"end":{"line":32,"column":20}}]},"9":{"type":"branch","line":35,"loc":{"start":{"line":35,"column":65},"end":{"line":42,"column":3}},"locations":[{"start":{"line":35,"column":65},"end":{"line":42,"column":3}}]},"10":{"type":"branch","line":38,"loc":{"start":{"line":38,"column":13},"end":{"line":38,"column":41}},"locations":[{"start":{"line":38,"column":13},"end":{"line":38,"column":41}}]},"11":{"type":"branch","line":38,"loc":{"start":{"line":38,"column":37},"end":{"line":38,"column":47}},"locations":[{"start":{"line":38,"column":37},"end":{"line":38,"column":47}}]},"12":{"type":"branch","line":39,"loc":{"start":{"line":39,"column":4},"end":{"line":41,"column":5}},"locations":[{"start":{"line":39,"column":4},"end":{"line":41,"column":5}}]},"13":{"type":"branch","line":50,"loc":{"start":{"line":50,"column":12},"end":{"line":53,"column":5}},"locations":[{"start":{"line":50,"column":12},"end":{"line":53,"column":5}}]},"14":{"type":"branch","line":55,"loc":{"start":{"line":55,"column":12},"end":{"line":58,"column":5}},"locations":[{"start":{"line":55,"column":12},"end":{"line":58,"column":5}}]},"15":{"type":"branch","line":60,"loc":{"start":{"line":60,"column":12},"end":{"line":63,"column":5}},"locations":[{"start":{"line":60,"column":12},"end":{"line":63,"column":5}}]},"16":{"type":"branch","line":65,"loc":{"start":{"line":65,"column":12},"end":{"line":70,"column":5}},"locations":[{"start":{"line":65,"column":12},"end":{"line":70,"column":5}}]},"17":{"type":"branch","line":67,"loc":{"start":{"line":67,"column":25},"end":{"line":67,"column":81}},"locations":[{"start":{"line":67,"column":25},"end":{"line":67,"column":81}}]},"18":{"type":"branch","line":69,"loc":{"start":{"line":69,"column":11},"end":{"line":69,"column":72}},"locations":[{"start":{"line":69,"column":11},"end":{"line":69,"column":72}}]},"19":{"type":"branch","line":72,"loc":{"start":{"line":72,"column":26},"end":{"line":74,"column":4}},"locations":[{"start":{"line":72,"column":26},"end":{"line":74,"column":4}}]},"20":{"type":"branch","line":76,"loc":{"start":{"line":76,"column":22},"end":{"line":78,"column":4}},"locations":[{"start":{"line":76,"column":22},"end":{"line":78,"column":4}}]},"21":{"type":"branch","line":80,"loc":{"start":{"line":80,"column":26},"end":{"line":82,"column":4}},"locations":[{"start":{"line":80,"column":26},"end":{"line":82,"column":4}}]},"22":{"type":"branch","line":84,"loc":{"start":{"line":84,"column":26},"end":{"line":96,"column":4}},"locations":[{"start":{"line":84,"column":26},"end":{"line":96,"column":4}}]},"23":{"type":"branch","line":91,"loc":{"start":{"line":91,"column":15},"end":{"line":95,"column":7}},"locations":[{"start":{"line":91,"column":15},"end":{"line":95,"column":7}}]},"24":{"type":"branch","line":117,"loc":{"start":{"line":117,"column":7},"end":{"line":123,"column":1}},"locations":[{"start":{"line":117,"column":7},"end":{"line":123,"column":1}}]},"25":{"type":"branch","line":119,"loc":{"start":{"line":119,"column":16},"end":{"line":121,"column":3}},"locations":[{"start":{"line":119,"column":16},"end":{"line":121,"column":3}}]},"26":{"type":"branch","line":121,"loc":{"start":{"line":121,"column":2},"end":{"line":123,"column":1}},"locations":[{"start":{"line":121,"column":2},"end":{"line":123,"column":1}}]}},"b":{"0":[59],"1":[39],"2":[2],"3":[37],"4":[1],"5":[39],"6":[38],"7":[1],"8":[38],"9":[39],"10":[2],"11":[37],"12":[1],"13":[45],"14":[45],"15":[45],"16":[39],"17":[1],"18":[39],"19":[6],"20":[10],"21":[6],"22":[6],"23":[1],"24":[52],"25":[4],"26":[48]},"fnMap":{"0":{"name":"AccessibilityProvider","decl":{"start":{"line":17,"column":7},"end":{"line":115,"column":1}},"loc":{"start":{"line":17,"column":7},"end":{"line":115,"column":1}},"line":17},"1":{"name":"handleChange","decl":{"start":{"line":67,"column":25},"end":{"line":67,"column":81}},"loc":{"start":{"line":67,"column":25},"end":{"line":67,"column":81}},"line":67},"2":{"name":"setLeftHandMode","decl":{"start":{"line":72,"column":26},"end":{"line":74,"column":4}},"loc":{"start":{"line":72,"column":26},"end":{"line":74,"column":4}},"line":72},"3":{"name":"setFontSize","decl":{"start":{"line":76,"column":22},"end":{"line":78,"column":4}},"loc":{"start":{"line":76,"column":22},"end":{"line":78,"column":4}},"line":76},"4":{"name":"setHighContrast","decl":{"start":{"line":80,"column":26},"end":{"line":82,"column":4}},"loc":{"start":{"line":80,"column":26},"end":{"line":82,"column":4}},"line":80},"5":{"name":"announceMessage","decl":{"start":{"line":84,"column":26},"end":{"line":96,"column":4}},"loc":{"start":{"line":84,"column":26},"end":{"line":96,"column":4}},"line":84},"6":{"name":"useAccessibility","decl":{"start":{"line":117,"column":7},"end":{"line":123,"column":1}},"loc":{"start":{"line":117,"column":7},"end":{"line":123,"column":1}},"line":117}},"f":{"0":59,"1":1,"2":6,"3":10,"4":6,"5":6,"6":52}}
,"C:\\Users\\Corey\\OneDrive\\Desktop\\Swen660Part2\\CareConnect_Combined\\SWEN_661_Team_3\\CareConnect_Web\\src\\contexts\\AuthContext.tsx": {"path":"C:\\Users\\Corey\\OneDrive\\Desktop\\Swen660Part2\\CareConnect_Combined\\SWEN_661_Team_3\\CareConnect_Web\\src\\contexts\\AuthContext.tsx","all":false,"statementMap":{"0":{"start":{"line":1,"column":0},"end":{"line":1,"column":78}},"19":{"start":{"line":20,"column":0},"end":{"line":20,"column":74}},"21":{"start":{"line":22,"column":0},"end":{"line":22,"column":75}},"22":{"start":{"line":23,"column":0},"end":{"line":23,"column":55}},"23":{"start":{"line":24,"column":0},"end":{"line":24,"column":9}},"24":{"start":{"line":25,"column":0},"end":{"line":25,"column":51}},"25":{"start":{"line":26,"column":0},"end":{"line":26,"column":46}},"26":{"start":{"line":27,"column":0},"end":{"line":27,"column":13}},"27":{"start":{"line":28,"column":0},"end":{"line":28,"column":18}},"28":{"start":{"line":29,"column":0},"end":{"line":29,"column":5}},"29":{"start":{"line":30,"column":0},"end":{"line":30,"column":5}},"31":{"start":{"line":32,"column":0},"end":{"line":32,"column":75}},"32":{"start":{"line":33,"column":0},"end":{"line":33,"column":57}},"33":{"start":{"line":34,"column":0},"end":{"line":34,"column":40}},"34":{"start":{"line":35,"column":0},"end":{"line":35,"column":5}},"36":{"start":{"line":37,"column":0},"end":{"line":37,"column":19}},"37":{"start":{"line":38,"column":0},"end":{"line":38,"column":15}},"38":{"start":{"line":39,"column":0},"end":{"line":39,"column":59}},"39":{"start":{"line":40,"column":0},"end":{"line":40,"column":12}},"40":{"start":{"line":41,"column":0},"end":{"line":41,"column":40}},"41":{"start":{"line":42,"column":0},"end":{"line":42,"column":5}},"42":{"start":{"line":43,"column":0},"end":{"line":43,"column":13}},"44":{"start":{"line":45,"column":0},"end":{"line":45,"column":19}},"45":{"start":{"line":46,"column":0},"end":{"line":46,"column":70}},"46":{"start":{"line":47,"column":0},"end":{"line":47,"column":23}},"48":{"start":{"line":49,"column":0},"end":{"line":49,"column":75}},"50":{"start":{"line":51,"column":0},"end":{"line":51,"column":59}},"53":{"start":{"line":54,"column":0},"end":{"line":54,"column":28}},"54":{"start":{"line":55,"column":0},"end":{"line":55,"column":14}},"55":{"start":{"line":56,"column":0},"end":{"line":56,"column":12}},"56":{"start":{"line":57,"column":0},"end":{"line":57,"column":32}},"57":{"start":{"line":58,"column":0},"end":{"line":58,"column":6}},"59":{"start":{"line":60,"column":0},"end":{"line":60,"column":22}},"60":{"start":{"line":61,"column":0},"end":{"line":61,"column":4}},"62":{"start":{"line":63,"column":0},"end":{"line":63,"column":57}},"63":{"start":{"line":64,"column":0},"end":{"line":64,"column":9}},"65":{"start":{"line":66,"column":0},"end":{"line":66,"column":39}},"68":{"start":{"line":69,"column":0},"end":{"line":69,"column":64}},"70":{"start":{"line":71,"column":0},"end":{"line":71,"column":32}},"71":{"start":{"line":72,"column":0},"end":{"line":72,"column":18}},"72":{"start":{"line":73,"column":0},"end":{"line":73,"column":40}},"73":{"start":{"line":74,"column":0},"end":{"line":74,"column":28}},"74":{"start":{"line":75,"column":0},"end":{"line":75,"column":10}},"76":{"start":{"line":77,"column":0},"end":{"line":77,"column":26}},"77":{"start":{"line":78,"column":0},"end":{"line":78,"column":14}},"78":{"start":{"line":79,"column":0},"end":{"line":79,"column":66}},"79":{"start":{"line":80,"column":0},"end":{"line":80,"column":7}},"80":{"start":{"line":81,"column":0},"end":{"line":81,"column":21}},"81":{"start":{"line":82,"column":0},"end":{"line":82,"column":54}},"82":{"start":{"line":83,"column":0},"end":{"line":83,"column":18}},"83":{"start":{"line":84,"column":0},"end":{"line":84,"column":5}},"84":{"start":{"line":85,"column":0},"end":{"line":85,"column":4}},"86":{"start":{"line":87,"
[...]
,"31":{"start":{"line":32,"column":0},"end":{"line":32,"column":7}},"32":{"start":{"line":33,"column":0},"end":{"line":33,"column":71}},"34":{"start":{"line":35,"column":0},"end":{"line":35,"column":40}},"35":{"start":{"line":36,"column":0},"end":{"line":36,"column":55}},"36":{"start":{"line":37,"column":0},"end":{"line":37,"column":37}},"37":{"start":{"line":38,"column":0},"end":{"line":38,"column":15}},"38":{"start":{"line":39,"column":0},"end":{"line":39,"column":7}},"40":{"start":{"line":41,"column":0},"end":{"line":41,"column":46}},"41":{"start":{"line":42,"column":0},"end":{"line":42,"column":53}},"42":{"start":{"line":43,"column":0},"end":{"line":43,"column":51}},"44":{"start":{"line":45,"column":0},"end":{"line":45,"column":75}},"45":{"start":{"line":46,"column":0},"end":{"line":46,"column":45}},"46":{"start":{"line":47,"column":0},"end":{"line":47,"column":18}},"48":{"start":{"line":49,"column":0},"end":{"line":49,"column":68}},"49":{"start":{"line":50,"column":0},"end":{"line":50,"column":46}},"50":{"start":{"line":51,"column":0},"end":{"line":51,"column":11}},"51":{"start":{"line":52,"column":0},"end":{"line":52,"column":9}},"52":{"start":{"line":53,"column":0},"end":{"line":53,"column":8}},"53":{"start":{"line":54,"column":0},"end":{"line":54,"column":6}},"56":{"start":{"line":57,"column":0},"end":{"line":57,"column":23}},"57":{"start":{"line":58,"column":0},"end":{"line":58,"column":28}},"58":{"start":{"line":59,"column":0},"end":{"line":59,"column":23}},"60":{"start":{"line":61,"column":0},"end":{"line":61,"column":19}},"61":{"start":{"line":62,"column":0},"end":{"line":62,"column":76}},"62":{"start":{"line":63,"column":0},"end":{"line":63,"column":3}},"63":{"start":{"line":64,"column":0},"end":{"line":64,"column":1}},"65":{"start":{"line":66,"column":0},"end":{"line":66,"column":30}},"66":{"start":{"line":67,"column":0},"end":{"line":67,"column":37}},"67":{"start":{"line":68,"column":0},"end":{"line":68,"column":33}},"68":{"start":{"line":69,"column":0},"end":{"line":69,"column":31}},"69":{"start":{"line":70,"column":0},"end":{"line":70,"column":34}},"70":{"start":{"line":71,"column":0},"end":{"line":71,"column":8}},"71":{"start":{"line":72,"column":0},"end":{"line":72,"column":25}},"72":{"start":{"line":73,"column":0},"end":{"line":73,"column":37}},"73":{"start":{"line":74,"column":0},"end":{"line":74,"column":9}},"74":{"start":{"line":75,"column":0},"end":{"line":75,"column":3}},"75":{"start":{"line":76,"column":0},"end":{"line":76,"column":1}},"78":{"start":{"line":79,"column":0},"end":{"line":79,"column":88}},"79":{"start":{"line":80,"column":0},"end":{"line":80,"column":36}},"80":{"start":{"line":81,"column":0},"end":{"line":81,"column":69}},"81":{"start":{"line":82,"column":0},"end":{"line":82,"column":20}},"82":{"start":{"line":83,"column":0},"end":{"line":83,"column":3}},"84":{"start":{"line":85,"column":0},"end":{"line":85,"column":46}},"85":{"start":{"line":86,"column":0},"end":{"line":86,"column":21}},"86":{"start":{"line":87,"column":0},"end":{"line":87,"column":3}},"88":{"start":{"line":89,"column":0},"end":{"line":89,"column":45}},"89":{"start":{"line":90,"column":0},"end":{"line":90,"column":62}},"90":{"start":{"line":91,"column":0},"end":{"line":91,"column":22}},"91":{"start":{"line":92,"column":0},"end":{"line":92,"column":3}},"93":{"start":{"line":94,"column":0},"end":{"line":94,"column":33}},"94":{"start":{"line":95,"column":0},"end":{"line":95,"column":1}},"97":{"start":{"line":98,"column":0},"end":{"line":98,"column":88}},"98":{"start":{"line":99,"column":0},"end":{"line":99,"column":7}},"99":{"start":{"line":100,"column":0},"end":{"line":100,"column":61}},"101":{"start":{"line":102,"column":0},"end":{"line":102,"column":61}},"102":{"start":{"line":103,"column":0},"end":{"line":103,"column":35}},"103":{"start":{"line":104,"column":0},"end":{"line":104,"column":63}},"104":{"start":{"line":105,"column":0},"end":{"line":105,"column":18}},"105":{"start":{"line":106,"column":0},"end":{"line":106,"column":5}},"108":{"start":{"line":109,"column":0},"end":{"line":109,"column":67}},"109":{"start":{"line":110,"column":0},"end":{"line":110,"column":28}},"110":{"start":{"line":111,"column":0},"end":{"line":111,"column":50}},"111":{"start":{"line":112,"column":0},"end":{"line":112,"column":69}},"112":{"start":{"line":113,"column":0},"end":{"line":113,"column":8}},"113":{"start":{"line":114,"column":0},"end":{"line":114,"column":7}},"115":{"start":{"line":116,"column":0},"end":{"line":116,"column":69}},"116":{"start":{"line":117,"column":0},"end":{"line":117,"column":24}},"117":{"start":{"line":118,"column":0},"end":{"line":118,"column":19}},"118":{"start":{"line":119,"column":0},"end":{"line":119,"column":77}},"119":{"start":{"line":120,"column":0},"end":{"line":120,"column":16}},"120":{"start":{"line":121,"column":0},"end":{"line":121,"column":3}},"121":{"start":{"line":122,"column":0},"end":{"line":122,"column":1}},"124":{"start":{"line":125,"column":0},"end":{"line":125,"column":66}},"125":{"start":{"line":126,"column":0},"end":{"line":126,"column":64}},"126":{"start":{"line":127,"column":0},"end":{"line":127,"column":41}},"127":{"start":{"line":128,"column":0},"end":{"line":128,"column":24}},"128":{"start":{"line":129,"column":0},"end":{"line":129,"column":24}},"130":{"start":{"line":131,"column":0},"end":{"line":131,"column":38}},"131":{"start":{"line":132,"column":0},"end":{"line":132,"column":53}},"133":{"start":{"line":134,"column":0},"end":{"line":134,"column":44}},"134":{"start":{"line":135,"column":0},"end":{"line":135,"column":43}},"135":{"start":{"line":136,"column":0},"end":{"line":136,"column":3}},"136":{"start":{"line":137,"column":0},"end":{"line":137,"column":21}},"137":{"start":{"line":138,"column":0},"end":{"line":138,"column":1}},"140":{"start":{"line":141,"column":0},"end":{"line":141,"column":49}},"141":{"start":{"line":142,"column":0},"end":{"line":142,"column":75}},"142":{"start":{"line":143,"column":0},"end":{"line":143,"column":52}},"143":{"start":{"line":144,"column":0},"end":{"line":144,"column":25}},"144":{"start":{"line":145,"column":0},"end":{"line":145,"column":11}},"145":{"start":{"line":146,"column":0},"end":{"line":146,"column":7}},"146":{"start":{"line":147,"column":0},"end":{"line":147,"column":3}},"147":{"start":{"line":148,"column":0},"end":{"line":148,"column":1}},"150":{"start":{"line":151,"column":0},"end":{"line":151,"column":36}},"151":{"start":{"line":152,"column":0},"end":{"line":152,"column":75}},"152":{"start":{"line":153,"column":0},"end":{"line":153,"column":52}},"153":{"start":{"line":154,"column":0},"end":{"line":154,"column":26}},"154":{"start":{"line":155,"column":0},"end":{"line":155,"column":7}},"155":{"start":{"line":156,"column":0},"end":{"line":156,"column":3}},"156":{"start":{"line":157,"column":0},"end":{"line":157,"column":1}},"159":{"start":{"line":160,"column":0},"end":{"line":160,"column":41}},"160":{"start":{"line":161,"column":0},"end":{"line":161,"column":10}},"161":{"start":{"line":162,"column":0},"end":{"line":162,"column":62}},"162":{"start":{"line":163,"column":0},"end":{"line":163,"column":49}},"164":{"start":{"line":165,"column":0},"end":{"line":165,"column":1}},"167":{"start":{"line":168,"column":0},"end":{"line":168,"column":38}},"168":{"start":{"line":169,"column":0},"end":{"line":169,"column":27}},"169":{"start":{"line":170,"column":0},"end":{"line":170,"column":1}},"172":{"start":{"line":173,"column":0},"end":{"line":173,"column":51}},"173":{"start":{"line":174,"column":0},"end":{"line":174,"column":86}},"174":{"start":{"line":175,"column":0},"end":{"line":175,"column":9}},"175":{"start":{"line":176,"column":0},"end":{"line":176,"column":63}},"176":{"start":{"line":177,"column":0},"end":{"line":177,"column":53}},"177":{"start":{"line":178,"column":0},"end":{"line":178,"column":62}},"178":{"start":{"line":179,"column":0},"end":{"line":179,"column":21}},"179":{"start":{"line":180,"column":0},"end":{"line":180,"column":73}},"180":{"start":{"line":181,"column":0},"end":{"line":181,"column":5}},"181":{"start":{"line":182,"column":0},"end":{"line":182,"column":3}},"182":{"start":{"line":183,"column":0},"end":{"line":183,"column":1}}},"s":{"9":1,"10":0,"11":0,"12":0,"14":0,"17":0,"18":0,"19":0,"20":0,"22":0,"23":0,"24":0,"25":0,"26":0,"27":0,"28":0,"30":0,"31":0,"32":0,"34":0,"35":0,"36":0,"37":0,"38":0,"40":0,"41":0,"42":0,"44":0,"45":0,"46":0,"48":0,"49":0,"50":0,"51":0,"52":0,"53":0,"56":0,"57":0,"58":0,"60":0,"61":0,"62":0,"63":0,"65":1,"66":0,"67":0,"68":0,"69":0,"70":0,"71":0,"72":0,"73":0,"74":0,"75":0,"78":0,"79":0,"80":0,"81":0,"82":0,"84":0,"85":0,"86":0,"88":0,"89":0,"90":0,"91":0,"93":0,"94":0,"97":0,"98":0,"99":0,"101":0,"102":0,"103":0,"104":0,"105":0,"108":0,"109":0,"110":0,"111":0,"112":0,"113":0,"115":0,"116":0,"117":0,"118":0,"119":0,"120":0,"121":0,"124":0,"125":0,"126":0,"127":0,"128":0,"130":0,"131":0,"133":0,"134":0,"135":0,"136":0,"137":0,"140":0,"141":0,"142":0,"143":0,"144":0,"145":0,"146":0,"147":0,"150":0,"151":0,"152":0,"153":0,"154":0,"155":0,"156":0,"159":1,"160":1,"161":1,"162":1,"164":1,"167":1,"168":0,"169":0,"172":0,"173":0,"174":0,"175":0,"176":0,"177":0,"178":0,"179":0,"180":0,"181":0,"182":0},"branchMap":{"0":{"type":"branch","line":160,"loc":{"start":{"line":160,"column":7},"end":{"line":165,"column":1}},"locations":[{"start":{"line":160,"column":7},"end":{"line":165,"column":1}}]}},"b":{"0":[1]},"fnMap":{"0":{"name":"register","decl":{"start":{"line":10,"column":7},"end":{"line":29,"column":1}},"loc":{"start":{"line":10,"column":7},"end":{"line":29,"column":1}},"line":10},"1":{"name":"registerValidSW","decl":{"start":{"line":31,"column":0},"end":{"line":64,"column":1}},"loc":{"start":{"line":31,"column":0},"end":{"line":64,"column":1}},"line":31},"2":{"name":"unregister","decl":{"start":{"line":66,"column":7},"end":{"line":76,"column":1}},"loc":{"start":{"line":66,"column":7},"end":{"line":76,"column":1}},"line":66},"3":{"name":"requestNotificationPermission","decl":{"start":{"line":79,"column":0},"end":{"line":95,"column":1}},"loc":{"start":{"line":79,"column":0},"end":{"line":95,"column":1}},"line":79},"4":{"name":"subscribeToPushNotifications","decl":{"start":{"line":98,"column":0},"end":{"line":122,"column":1}},"loc":{"start":{"line":98,"column":0},"end":{"line":122,"column":1}},"line":98},"5":{"name":"urlBase64ToUint8Array","decl":{"start":{"line":125,"column":0},"end":{"line":138,"column":1}},"loc":{"start":{"line":125,"column":0},"end":{"line":138,"column":1}},"line":125},"6":{"name":"cacheUrls","decl":{"start":{"line":141,"column":0},"end":{"line":148,"column":1}},"loc":{"start":{"line":141,"column":0},"end":{"line":148,"column":1}},"line":141},"7":{"name":"clearCache","decl":{"start":{"line":151,"column":0},"end":{"line":157,"column":1}},"loc":{"start":{"line":151,"column":0},"end":{"line":157,"column":1}},"line":151},"8":{"name":"isStandalone","decl":{"start":{"line":160,"column":7},"end":{"line":165,"column":1}},"loc":{"start":{"line":160,"column":7},"end":{"line":165,"column":1}},"line":160},"9":{"name":"isOffline","decl":{"start":{"line":168,"column":7},"end":{"line":170,"column":1}},"loc":{"start":{"line":168,"column":7},"end":{"line":170,"column":1}},"line":168},"10":{"name":"syncWhenOnline","decl":{"start":{"line":173,"column":0},"end":{"line":183,"column":1}},"loc":{"start":{"line":173,"column":0},"end":{"line":183,"column":1}},"line":173}},"f":{"0":0,"1":0,"2":0,"3":0,"4":0,"5":0,"6":0,"7":0,"8":1,"9":0,"10":0}}
,"C:\\Users\\Corey\\OneDrive\\Desktop\\Swen660Part2\\CareConnect_Combined\\SWEN_661_Team_3\\CareConnect_Web\\src\\utils\\storage.ts": {"path":"C:\\Users\\Corey\\OneDrive\\Desktop\\Swen660Part2\\CareConnect_Combined\\SWEN_661_Team_3\\CareConnect_Web\\src\\utils\\storage.ts","all":false,"statementMap":{"3":{"start":{"line":4,"column":0},"end":{"line":4,"column":24}},"7":{"start":{"line":8,"column":0},"end":{"line":8,"column":43}},"8":{"start":{"line":9,"column":0},"end":{"line":9,"column":9}},"9":{"start":{"line":10,"column":0},"end":{"line":10,"column":45}},"10":{"start":{"line":11,"column":0},"end":{"line":11,"column":52}},"11":{"start":{"line":12,"column":0},"end":{"line":12,"column":21}},"12":{"start":{"line":13,"column":0},"end":{"line":13,"column":72}},"13":{"start":{"line":14,"column":0},"end":{"line":14,"column":26}},"14":{"start":{"line":15,"column":0},"end":{"line":15,"column":5}},"15":{"start":{"line":16,"column":0},"end":{"line":16,"column":4}},"20":{"start":{"line":21,"column":0},"end":{"line":21,"column":42}},"21":{"start":{"line":22,"column":0},"end":{"line":22,"column":9}},"22":{"start":{"line":23,"column":0},"end":{"line":23,"column":55}},"23":{"start":{"line":24,"column":0},"end":{"line":24,"column":18}},"24":{"start":{"line":25,"column":0},"end":{"line":25,"column":21}},"25":{"start":{"line":26,"column":0},"end":{"line":26,"column":70}},"26":{"start":{"line":27,"column":0},"end":{"line":27,"column":19}},"27":{"start":{"line":28,"column":0},"end":{"line":28,"column":5}},"28":{"start":{"line":29,"column":0},"end":{"line":29,"column":4}},"33":{"start":{"line":34,"column":0},"end":{"line":34,"column":32}},"34":{"start":{"line":35,"column":0},"end":{"line":35,"column":9}},"35":{"start":{"line":36,"column":0},"end":{"line":36,"column":35}},"36":{"start":{"line":37,"column":0},"end":{"line":37,"column":18}},"37":{"start":{"line":38,"column":0},"end":{"line":38,"column":21}},"38":{"start":{"line":39,"column":0},"end":{"line":39,"column":73}},"39":{"start":{"line":40,"column":0},"end":{"line":40,"column":19}},"40":{"start":{"line":41,"column":0},"end":{"line":41,"column":5}},"41":{"start":{"line":42,"column":0},"end":{"line":42,"column":4}},"46":{"start":{"line":47,"column":0},"end":{"line":47,"column":20}},"47":{"start":{"line":48,"column":0},"end":{"line":48,"column":9}},"48":{"start":{"line":49,"column":0},"end":{"line":49,"column":20}},"49":{"start":{"line":50,"column":0},"end":{"line":50,"column":26}},"50":{"start":{"line":51,"column":0},"end":{"line":51,"column":23}},"51":{"start":{"line":52,"column":0},"end":{"line":52,"column":27}},"52":{"start":{"line":53,"column":0},"end":{"line":53,"column":29}},"53":{"start":{"line":54,"column":0},"end":{"line":54,"column":19}},"54":{"start":{"line":55,"column":0},"end":{"line":55,"column":8}},"55":{"start":{"line":56,"column":0},"end":{"line":56,"column":56}},"56":{"start":{"line":57,"column":0},"end":{"line":57,"column":18}},"57":{"start":{"line":58,"column":0},"end":{"line":58,"column":21}},"58":{"start":{"line":59,"column":0},"end":{"line":59,"column":59}},"59":{"start":{"line":60,"column":0},"end":{"line":60,"column":19}},"60":{"start":{"line":61,"column":0},"end":{"line":61,"column":5}},"61":{"start":{"line":62,"column":0},"end":{"line":62,"column":4}},"66":{"start":{"line":67,"column":0},"end":{"line":67,"column":17}},"67":{"start":{"line":68,"column":0},"end":{"line":68,"column":18}},"68":{"start":{"line":69,"column":0},"end":{"line":69,"column":24}},"69":{"start":{"line":70,"column":0},"end":{"line":70,"column":21}},"70":{"start":{"line":71,"column":0},"end":{"line":71,"column":25}},"71":{"start":{"line":72,"column":0},"end":{"line":72,"column":27}},"72":{"start":{"line":73,"column":0},"end":{"line":73,"column":17}},"73":{"start":{"line":74,"column":0},"end":{"line":74,"column":6}},"75":{"start":{"line":76,"column":0},"end":{"line":76,"column":52}},"76":{"start":{"line":77,"column":0},"end":{"line":77,"column":25}},"77":{"start":{"line":78,"column":0},"end":{"line":78,"column":46}},"78":{"start":{"line":79,"column":0},"end":{"line":79,"column":36}},"79":{"start":{"line":80,"column":0},"end":{"line":80,"column":7}},"80":{"start":{"line":81,"column":0},"end":{"line":81,"column":23}},"81":{"start":{"line":82,"column":0},"end":{"line":82,"column":3}},"82":{"start":{"line":83,"column":0},"end":{"line":83,"column":2}},"85":{"start":{"line":86,"column":0},"end":{"line":86,"column":78}},"86":{"start":{"line":87,"column":0},"end":{"line":87,"column":47}},"87":{"start":{"line":88,"column":0},"end":{"line":88,"column":1}}},"s":{"3":1,"7":1,"8":11,"9":11,"10":11,"11":11,"12":2,"13":2,"14":2,"15":11,"20":1,"21":11,"22":11,"23":11,"24":11,"25":2,"26":2,"27":2,"28":11,"33":1,"34":3,"35":3,"36":3,"37":3,"38":1,"39":1,"40":1,"41":3,"46":1,"47":2,"48":2,"49":2,"50":2,"51":2,"52":2,"53":2,"54":2,"55":2,"56":2,"57":2,"58":1,"59":1,"60":1,"61":2,"66":1,"67":1,"68":1,"69":1,"70":1,"71":1,"72":1,"73":1,"75":1,"76":1,"77":5,"78":5,"79":1,"80":1,"81":1,"82":1,"85":1,"86":0,"87":0},"branchMap":{"0":{"type":"branch","line":86,"loc":{"start":{"line":86,"column":77},"end":{"line":88,"column":1}},"locations":[{"start":{"line":86,"column":77},"end":{"line":88,"column":1}}]},"1":{"type":"branch","line":8,"loc":{"start":{"line":8,"column":2},"end":{"line":16,"column":4}},"locations":[{"start":{"line":8,"column":2},"end":{"line":16,"column":4}}]},"2":{"type":"branch","line":11,"loc":{"start":{"line":11,"column":13},"end":{"line":11,"column":39}},"locations":[{"start":{"line":11,"column":13},"end":{"line":11,"column":39}}]},"3":{"type":"branch","line":11,"loc":{"start":{"line":11,"column":35},"end":{"line":11,"column":52}},"locations":[{"start":{"line":11,"column":35},"end":{"line":11,"column":52}}]},"4":{"type":"branch","line":12,"loc":{"start":{"line":12,"column":4},"end":{"line":15,"column":5}},"locations":[{"start":{"line":12,"column":4},"end":{"line":15,"column":5}}]},"5":{"type":"branch","line":21,"loc":{"start":{"line":21,"column":2},"end":{"line":29,"column":4}},"locations":[{"start":{"line":21,"column":2},"end":{"line":29,"column":4}}]},"6":{"type":"branch","line":25,"loc":{"start":{"line":25,"column":4},"end":{"line":28,"column":5}},"locations":[{"start":{"line":25,"column":4},"end":{"line":28,"column":5}}]},"7":{"type":"branch","line":34,"loc":{"start":{"line":34,"column":2},"end":{"line":42,"column":4}},"locations":[{"start":{"line":34,"column":2},"end":{"line":42,"column":4}}]},"8":{"type":"branch","line":38,"loc":{"start":{"line":38,"column":4},"end":{"line":41,"column":5}},"locations":[{"start":{"line":38,"column":4},"end":{"line":41,"column":5}}]},"9":{"type":"branch","line":47,"loc":{"start":{"line":47,"column":2},"end":{"line":62,"column":4}},"locations":[{"start":{"line":47,"column":2},"end":{"line":62,"column":4}}]},"10":{"type":"branch","line":58,"loc":{"start":{"line":58,"column":4},"end":{"line":61,"column":5}},"locations":[{"start":{"line":58,"column":4},"end":{"line":61,"column":5}}]},"11":{"type":"branch","line":56,"loc":{"start":{"line":56,"column":19},"end":{"line":56,"column":54}},"locations":[{"start":{"line":56,"column":19},"end":{"line":56,"column":54}}]},"12":{"type":"branch","line":67,"loc":{"start":{"line":67,"column":2},"end":{"line":82,"column":3}},"locations":[{"start":{"line":67,"column":2},"end":{"line":82,"column":3}}]},"13":{"type":"branch","line":77,"loc":{"start":{"line":77,"column":17},"end":{"line":80,"column":5}},"locations":[{"start":{"line":77,"column":17},"end":{"line":80,"column":5}}]}},"b":{"0":[0],"1":[11],"2":[10],"3":[1],"4":[2],"5":[11],"6":[2],"7":[3],"8":[1],"9":[2],"10":[1],"11":[6],"12":[1],"13":[5]},"fnMap":{"0":{"name":"get","decl":{"start":{"line":8,"column":2},"end":{"line":16,"column":4}},"loc":{"start":{"line":8,"column":2},"end":{"line":16,"column":4}},"line":8},"1":{"name":"set","decl":{"start":{"line":21,"column":2},"end":{"line":29,"column":4}},"loc":{"start":{"line":21,"column":2},"end":{"line":29,"column":4}},"line":21},"2":{"name":"remove","decl":{"start":{"line":34,"column":2},"end":{"line":42,"column":4}},"loc":{"start":{"line":34,"column":2},"end":{"line":42,"column":4}},"line":34},"3":{"name":"clear","decl":{"start":{"line":47,"column":2},"end":{"line":62,"column":4}},"loc":{"start":{"line":47,"column":2},"end":{"line":62,"column":4}},"line":47},"4":{"name":"debug","decl":{"start":{"line":67,"column":2},"end":{"line":82,"column":3}},"loc":{"start":{"line":67,"column":2},"end":{"line":82,"column":3}},"line":67}},"f":{"0":11,"1":11,"2":3,"3":2,"4":1}}
}
