TN:
SF:src\App.tsx
FN:1,(empty-report)
FNF:1
FNH:0
FNDA:0,(empty-report)
DA:1,0
DA:2,0
DA:3,0
DA:4,0
DA:5,0
DA:6,0
DA:7,0
DA:8,0
DA:10,0
DA:11,0
DA:12,0
DA:13,0
DA:14,0
DA:15,0
DA:16,0
DA:17,0
DA:18,0
DA:19,0
DA:20,0
DA:21,0
DA:23,0
DA:25,0
LF:22
LH:0
BRDA:1,0,0,0
BRF:1
BRH:0
end_of_record
TN:
SF:src\main.tsx
FN:1,(empty-report)
FNF:1
FNH:0
FNDA:0,(empty-report)
DA:1,0
DA:2,0
DA:3,0
DA:4,0
DA:5,0
DA:8,0
DA:9,0
DA:10,0
DA:11,0
DA:12,0
DA:15,0
DA:16,0
DA:17,0
DA:18,0
DA:19,0
DA:20,0
DA:22,0
DA:23,0
DA:24,0
DA:25,0
DA:26,0
DA:27,0
DA:28,0
DA:29,0
LF:24
LH:0
BRDA:1,0,0,0
BRF:1
BRH:0
end_of_record
TN:
SF:src\playwright.config.ts
FN:1,(empty-report)
FNF:1
FNH:0
FNDA:0,(empty-report)
DA:1,0
DA:3,0
DA:4,0
DA:5,0
DA:6,0
DA:7,0
DA:8,0
DA:9,0
DA:10,0
DA:11,0
DA:12,0
DA:13,0
DA:14,0
DA:15,0
DA:16,0
DA:17,0
DA:18,0
DA:19,0
DA:21,0
DA:22,0
DA:23,0
DA:24,0
DA:25,0
DA:27,0
DA:28,0
DA:29,0
DA:30,0
DA:32,0
DA:33,0
DA:34,0
DA:35,0
DA:38,0
DA:39,0
DA:40,0
DA:41,0
DA:42,0
DA:43,0
DA:44,0
DA:45,0
DA:48,0
DA:49,0
DA:50,0
DA:51,0
DA:52,0
DA:54,0
DA:55,0
DA:56,0
DA:57,0
DA:58,0
DA:59,0
DA:60,0
LF:51
LH:0
BRDA:1,0,0,0
BRF:1
BRH:0
end_of_record
TN:
SF:src\routes.tsx
FN:1,(empty-report)
FNF:1
FNH:0
FNDA:0,(empty-report)
DA:1,0
DA:16,0
DA:17,0
DA:18,0
DA:19,0
DA:20,0
DA:21,0
DA:22,0
DA:23,0
DA:24,0
DA:25,0
DA:26,0
DA:27,0
DA:28,0
DA:29,0
DA:30,0
DA:31,0
DA:32,0
DA:33,0
DA:34,0
DA:35,0
DA:36,0
LF:22
LH:0
BRDA:1,0,0,0
BRF:1
BRH:0
end_of_record
TN:
SF:src\vitest.config.ts
FN:1,(empty-report)
FNF:1
FNH:0
FNDA:0,(empty-report)
DA:1,0
DA:2,0
DA:3,0
DA:5,0
DA:6,0
DA:7,0
DA:8,0
DA:9,0
DA:10,0
DA:11,0
DA:12,0
DA:13,0
DA:14,0
DA:15,0
DA:16,0
DA:17,0
DA:18,0
DA:19,0
DA:20,0
DA:21,0
DA:22,0
DA:23,0
DA:24,0
DA:25,0
DA:26,0
DA:27,0
DA:28,0
DA:29,0
DA:30,0
DA:31,0
DA:32,0
DA:33,0
DA:34,0
DA:35,0
DA:36,0
DA:37,0
DA:38,0
DA:39,0
DA:40,0
DA:41,0
DA:42,0
DA:43,0
DA:44,0
DA:45,0
DA:46,0
DA:47,0
DA:48,0
DA:49,0
DA:50,0
DA:51,0
DA:52,0
DA:53,0
DA:54,0
DA:55,0
DA:56,0
DA:57,0
DA:58,0
DA:59,0
DA:60,0
DA:61,0
DA:62,0
DA:63,0
DA:64,0
DA:65,0
DA:66,0
LF:65
LH:0
BRDA:1,0,0,0
BRF:1
BRH:0
end_of_record
TN:
SF:src\components\navigation\Navigation.tsx
FN:33,Navigation
FN:40,handleLogout
FN:45,isActive
FN:56,onClick
FN:71,onClick
FN:85,onClick
FN:154,onClick
FNF:7
FNH:3
FNDA:2,Navigation
FNDA:0,handleLogout
FNDA:25,isActive
FNDA:1,onClick
FNDA:0,onClick
FNDA:0,onClick
FNDA:0,onClick
DA:1,1
DA:25,1
DA:26,1
DA:27,1
DA:28,1
DA:29,1
DA:30,1
DA:31,1
DA:33,1
DA:34,2
DA:35,2
DA:36,2
DA:37,2
DA:38,2
DA:40,2
DA:41,0
DA:42,0
DA:43,0
DA:45,2
DA:47,2
DA:48,2
DA:50,2
DA:51,2
DA:52,2
DA:53,2
DA:54,2
DA:55,2
DA:56,2
DA:57,2
DA:58,2
DA:59,2
DA:60,2
DA:62,2
DA:63,2
DA:64,2
DA:65,2
DA:66,2
DA:67,2
DA:68,2
DA:69,2
DA:70,2
DA:71,2
DA:72,2
DA:73,2
DA:74,2
DA:75,2
DA:78,2
DA:79,1
DA:80,1
DA:81,1
DA:82,5
DA:83,5
DA:84,5
DA:85,5
DA:86,5
DA:89,5
DA:90,1
DA:91,4
DA:92,5
DA:95,5
DA:96,5
DA:97,5
DA:98,5
DA:99,1
DA:100,1
DA:101,1
DA:102,1
DA:103,1
DA:105,1
DA:106,1
DA:107,1
DA:108,1
DA:109,1
DA:110,1
DA:112,2
DA:115,2
DA:116,2
DA:118,2
DA:119,2
DA:120,2
DA:121,2
DA:122,2
DA:125,2
DA:126,2
DA:127,2
DA:128,10
DA:129,10
DA:130,10
DA:131,10
DA:134,10
DA:135,2
DA:136,8
DA:137,10
DA:139,10
DA:141,10
DA:142,10
DA:143,10
DA:144,10
DA:145,2
DA:146,2
DA:147,2
DA:150,2
DA:151,2
DA:152,2
DA:153,2
DA:154,2
DA:155,2
DA:156,2
DA:157,2
DA:158,2
DA:159,2
DA:160,2
DA:161,2
DA:162,2
DA:163,2
DA:164,2
DA:165,2
DA:166,2
DA:167,2
DA:170,2
DA:171,2
DA:173,2
DA:174,2
DA:175,2
DA:176,2
DA:177,2
DA:178,2
DA:179,2
DA:180,2
DA:181,2
DA:184,2
DA:185,2
DA:186,2
DA:187,2
DA:188,2
DA:189,2
DA:190,2
DA:191,2
DA:192,2
DA:193,2
DA:194,2
DA:195,2
DA:196,2
DA:197,2
DA:198,2
DA:199,2
DA:203,2
DA:204,2
DA:205,2
DA:206,10
DA:207,10
DA:208,10
DA:209,10
DA:212,10
DA:213,2
DA:214,8
DA:215,10
DA:218,10
DA:219,10
DA:220,10
DA:221,10
DA:222,2
DA:223,2
DA:224,2
DA:227,2
DA:228,2
DA:229,2
DA:230,2
DA:232,2
DA:233,2
DA:234,2
DA:235,2
DA:236,2
DA:237,2
DA:240,2
DA:241,0
DA:242,0
DA:243,0
DA:244,0
DA:245,0
DA:246,0
DA:247,0
DA:250,0
DA:251,0
DA:252,0
DA:253,0
DA:256,0
DA:257,0
DA:258,0
DA:259,0
DA:260,0
DA:261,0
DA:262,0
DA:264,2
DA:266,2
LF:195
LH:174
BRDA:33,0,0,2
BRDA:54,1,0,1
BRDA:54,2,0,1
BRDA:55,3,0,1
BRDA:55,4,0,1
BRDA:78,5,0,1
BRDA:240,6,0,0
BRDA:45,7,0,25
BRDA:45,8,0,20
BRDA:56,9,0,1
BRDA:81,10,0,5
BRDA:89,11,0,1
BRDA:90,12,0,4
BRDA:127,13,0,10
BRDA:134,14,0,2
BRDA:135,15,0,8
BRDA:205,16,0,10
BRDA:212,17,0,2
BRDA:213,18,0,8
BRF:19
BRH:18
end_of_record
TN:
SF:src\context\AppContext.tsx
FN:70,useApp
FN:81,AppProvider
FN:167,addMedication
FN:176,takeMedication
FN:189,skipMedication
FN:201,undoLastAction
FN:218,addAppointment
FN:226,toggleFavorite
FN:234,login
FN:235,logout
FN:240,navigate
FNF:11
FNH:11
FNDA:24,useApp
FNDA:16,AppProvider
FNDA:1,addMedication
FNDA:1,takeMedication
FNDA:1,skipMedication
FNDA:1,undoLastAction
FNDA:1,addAppointment
FNDA:1,toggleFavorite
FNDA:1,login
FNDA:1,logout
FNDA:2,navigate
DA:1,1
DA:68,1
DA:70,1
DA:71,24
DA:72,24
DA:75,0
DA:76,0
DA:77,0
DA:78,24
DA:79,24
DA:81,1
DA:82,16
DA:83,4
DA:84,4
DA:85,16
DA:86,16
DA:87,4
DA:88,4
DA:89,16
DA:90,16
DA:91,4
DA:92,4
DA:93,16
DA:94,16
DA:95,16
DA:96,16
DA:97,16
DA:98,16
DA:99,16
DA:100,16
DA:101,16
DA:102,16
DA:103,16
DA:104,16
DA:105,16
DA:106,16
DA:107,16
DA:108,16
DA:109,16
DA:110,16
DA:111,16
DA:112,16
DA:113,16
DA:114,16
DA:115,16
DA:116,16
DA:117,16
DA:118,16
DA:119,16
DA:120,16
DA:121,16
DA:122,16
DA:123,16
DA:124,16
DA:125,16
DA:126,16
DA:127,16
DA:128,16
DA:129,16
DA:130,16
DA:131,16
DA:132,16
DA:133,16
DA:134,16
DA:135,16
DA:136,16
DA:137,16
DA:138,16
DA:139,16
DA:140,16
DA:141,16
DA:142,16
DA:143,16
DA:144,16
DA:145,16
DA:146,4
DA:147,4
DA:148,16
DA:149,16
DA:151,16
DA:152,6
DA:153,16
DA:155,16
DA:156,5
DA:157,16
DA:159,16
DA:160,5
DA:161,16
DA:163,16
DA:164,5
DA:165,16
DA:167,16
DA:168,1
DA:169,1
DA:170,1
DA:171,1
DA:172,1
DA:173,1
DA:174,1
DA:176,16
DA:177,1
DA:178,3
DA:179,1
DA:180,1
DA:181,1
DA:182,1
DA:183,1
DA:184,1
DA:185,2
DA:186,1
DA:187,1
DA:189,16
DA:190,1
DA:191,3
DA:192,1
DA:193,1
DA:194,1
DA:195,1
DA:196,1
DA:197,2
DA:198,1
DA:199,1
DA:201,16
DA:202,1
DA:203,3
DA:204,1
DA:205,1
DA:206,1
DA:207,1
DA:208,1
DA:209,1
DA:210,1
DA:211,0
DA:212,1
DA:213,1
DA:214,2
DA:215,1
DA:216,1
DA:218,16
DA:219,1
DA:220,1
DA:221,1
DA:222,1
DA:223,1
DA:224,1
DA:226,16
DA:227,1
DA:228,1
DA:229,0
DA:230,1
DA:231,1
DA:232,1
DA:234,16
DA:235,16
DA:236,1
DA:237,1
DA:238,1
DA:240,16
DA:241,2
DA:242,2
DA:244,16
DA:245,16
DA:246,16
DA:247,16
DA:248,16
DA:249,16
DA:250,16
DA:251,16
DA:252,16
DA:253,16
DA:254,16
DA:255,16
DA:256,16
DA:257,16
DA:258,16
DA:259,16
DA:260,16
DA:261,16
DA:262,16
DA:263,16
DA:264,16
DA:266,16
DA:267,16
DA:268,16
DA:270,16
DA:271,16
DA:273,16
LF:187
LH:182
BRDA:70,0,0,24
BRDA:72,1,0,0
BRDA:81,2,0,16
BRDA:82,3,0,4
BRDA:84,4,0,1
BRDA:84,5,0,3
BRDA:86,6,0,4
BRDA:88,7,0,1
BRDA:88,8,0,3
BRDA:90,9,0,4
BRDA:92,10,0,0
BRDA:145,11,0,4
BRDA:147,12,0,0
BRDA:151,13,0,6
BRDA:155,14,0,5
BRDA:159,15,0,5
BRDA:163,16,0,5
BRDA:167,17,0,1
BRDA:176,18,0,1
BRDA:177,19,0,3
BRDA:178,20,0,1
BRDA:184,21,0,2
BRDA:189,22,0,1
BRDA:190,23,0,3
BRDA:191,24,0,1
BRDA:196,25,0,2
BRDA:201,26,0,1
BRDA:202,27,0,3
BRDA:203,28,0,1
BRDA:203,29,0,1
BRDA:210,30,0,0
BRDA:213,31,0,2
BRDA:218,32,0,1
BRDA:226,33,0,1
BRDA:227,34,0,1
BRDA:228,35,0,0
BRDA:234,36,0,1
BRDA:235,37,0,1
BRDA:240,38,0,2
BRF:39
BRH:34
end_of_record
TN:
SF:src\contexts\AccessibilityContext.tsx
FN:17,AccessibilityProvider
FN:67,handleChange
FN:72,setLeftHandMode
FN:76,setFontSize
FN:80,setHighContrast
FN:84,announceMessage
FN:117,useAccessibility
FNF:7
FNH:7
FNDA:59,AccessibilityProvider
FNDA:1,handleChange
FNDA:6,setLeftHandMode
FNDA:10,setFontSize
FNDA:6,setHighContrast
FNDA:6,announceMessage
FNDA:52,useAccessibility
DA:1,1
DA:15,1
DA:17,1
DA:18,59
DA:19,39
DA:20,39
DA:21,39
DA:22,39
DA:23,1
DA:24,1
DA:25,59
DA:27,59
DA:28,39
DA:29,39
DA:30,1
DA:31,1
DA:32,38
DA:33,59
DA:35,59
DA:36,39
DA:37,39
DA:38,39
DA:39,39
DA:40,1
DA:41,1
DA:42,59
DA:44,59
DA:45,59
DA:46,59
DA:48,59
DA:50,59
DA:51,45
DA:52,45
DA:53,59
DA:55,59
DA:56,45
DA:57,45
DA:58,59
DA:60,59
DA:61,45
DA:62,45
DA:63,59
DA:65,59
DA:66,39
DA:67,39
DA:68,39
DA:69,39
DA:70,59
DA:72,59
DA:73,6
DA:74,6
DA:76,59
DA:77,10
DA:78,10
DA:80,59
DA:81,6
DA:82,6
DA:84,59
DA:85,6
DA:86,6
DA:87,6
DA:88,6
DA:89,6
DA:90,6
DA:91,6
DA:92,1
DA:93,1
DA:94,1
DA:95,6
DA:96,6
DA:98,59
DA:99,59
DA:100,59
DA:101,59
DA:102,59
DA:103,59
DA:104,59
DA:105,59
DA:106,59
DA:107,59
DA:108,59
DA:109,59
DA:110,59
DA:112,59
DA:113,59
DA:115,59
DA:117,1
DA:118,52
DA:119,52
DA:120,4
DA:121,4
DA:122,48
DA:123,48
LF:93
LH:93
BRDA:17,0,0,59
BRDA:18,1,0,39
BRDA:21,2,0,2
BRDA:21,3,0,37
BRDA:22,4,0,1
BRDA:27,5,0,39
BRDA:29,6,0,38
BRDA:29,7,0,1
BRDA:31,8,0,38
BRDA:35,9,0,39
BRDA:38,10,0,2
BRDA:38,11,0,37
BRDA:39,12,0,1
BRDA:50,13,0,45
BRDA:55,14,0,45
BRDA:60,15,0,45
BRDA:65,16,0,39
BRDA:67,17,0,1
BRDA:69,18,0,39
BRDA:72,19,0,6
BRDA:76,20,0,10
BRDA:80,21,0,6
BRDA:84,22,0,6
BRDA:91,23,0,1
BRDA:117,24,0,52
BRDA:119,25,0,4
BRDA:121,26,0,48
BRF:27
BRH:27
end_of_record
TN:
SF:src\contexts\AuthContext.tsx
FN:22,AuthProvider
FN:49,login
FN:51,mockUser.id
FN:63,loginWithBiometric
FN:69,mockUser.id
FN:87,logout
FN:91,setSessionTimeout
FN:112,useAuth
FNF:8
FNH:8
FNDA:55,AuthProvider
FNDA:9,login
FNDA:9,mockUser.id
FNDA:3,loginWithBiometric
FNDA:2,mockUser.id
FNDA:3,logout
FNDA:6,setSessionTimeout
FNDA:51,useAuth
DA:1,1
DA:20,1
DA:22,1
DA:23,55
DA:24,34
DA:25,34
DA:26,34
DA:27,34
DA:28,1
DA:29,1
DA:30,55
DA:32,55
DA:33,34
DA:34,34
DA:35,55
DA:37,55
DA:38,46
DA:39,24
DA:40,46
DA:41,22
DA:42,22
DA:43,55
DA:45,55
DA:46,40
DA:47,55
DA:49,55
DA:51,9
DA:54,9
DA:55,9
DA:56,9
DA:57,9
DA:58,9
DA:60,9
DA:61,9
DA:63,55
DA:64,3
DA:66,3
DA:69,2
DA:71,2
DA:72,2
DA:73,2
DA:74,2
DA:75,2
DA:77,2
DA:78,3
DA:79,1
DA:80,1
DA:81,3
DA:82,1
DA:83,1
DA:84,1
DA:85,3
DA:87,55
DA:88,3
DA:89,3
DA:91,55
DA:92,6
DA:93,6
DA:95,55
DA:96,55
DA:97,55
DA:98,55
DA:99,55
DA:100,55
DA:101,55
DA:102,55
DA:103,55
DA:104,55
DA:105,55
DA:107,55
DA:108,55
DA:110,55
DA:112,1
DA:113,51
DA:114,51
DA:115,4
DA:116,4
DA:117,47
DA:118,47
LF:79
LH:79
BRDA:22,0,0,55
BRDA:23,1,0,34
BRDA:26,2,0,15
BRDA:26,3,0,19
BRDA:27,4,0,1
BRDA:32,5,0,34
BRDA:34,6,0,2
BRDA:34,7,0,32
BRDA:37,8,0,46
BRDA:38,9,0,24
BRDA:40,10,0,22
BRDA:45,11,0,40
BRDA:49,12,0,9
BRDA:51,13,0,9
BRDA:63,14,0,3
BRDA:66,15,0,2
BRDA:78,16,0,1
BRDA:81,17,0,1
BRDA:69,18,0,2
BRDA:87,19,0,3
BRDA:91,20,0,6
BRDA:112,21,0,51
BRDA:114,22,0,4
BRDA:116,23,0,47
BRF:24
BRH:24
end_of_record
TN:
SF:src\contexts\MedicationContext.tsx
FN:114,MedicationProvider
FN:154,addMedication
FN:162,updateMedication
FN:168,deleteMedication
FN:172,markAsTaken
FN:185,addAppointment
FN:193,addWellnessLog
FN:220,useMedication
FNF:8
FNH:8
FNDA:53,MedicationProvider
FNDA:6,addMedication
FNDA:7,updateMedication
FNDA:2,deleteMedication
FNDA:2,markAsTaken
FNDA:2,addAppointment
FNDA:5,addWellnessLog
FNDA:50,useMedication
DA:1,1
DA:49,1
DA:51,1
DA:52,1
DA:53,1
DA:54,1
DA:55,1
DA:56,1
DA:57,1
DA:58,1
DA:59,1
DA:60,1
DA:61,1
DA:62,1
DA:63,1
DA:64,1
DA:65,1
DA:66,1
DA:67,1
DA:68,1
DA:69,1
DA:70,1
DA:71,1
DA:72,1
DA:73,1
DA:74,1
DA:75,1
DA:76,1
DA:77,1
DA:78,1
DA:79,1
DA:80,1
DA:81,1
DA:82,1
DA:83,1
DA:84,1
DA:85,1
DA:86,1
DA:87,1
DA:88,1
DA:89,1
DA:90,1
DA:91,1
DA:93,1
DA:94,1
DA:95,1
DA:96,1
DA:97,1
DA:98,1
DA:99,1
DA:100,1
DA:101,1
DA:102,1
DA:103,1
DA:104,1
DA:105,1
DA:106,1
DA:107,1
DA:108,1
DA:109,1
DA:110,1
DA:111,1
DA:112,1
DA:114,1
DA:115,53
DA:116,35
DA:117,35
DA:118,35
DA:119,35
DA:120,1
DA:121,1
DA:122,53
DA:124,53
DA:125,35
DA:126,35
DA:127,35
DA:128,35
DA:129,0
DA:130,0
DA:131,53
DA:133,53
DA:134,35
DA:135,35
DA:136,35
DA:137,35
DA:138,0
DA:139,0
DA:140,53
DA:142,53
DA:143,48
DA:144,53
DA:146,53
DA:147,37
DA:148,53
DA:150,53
DA:151,37
DA:152,53
DA:154,53
DA:155,6
DA:156,6
DA:157,6
DA:158,6
DA:159,6
DA:160,6
DA:162,53
DA:163,7
DA:164,7
DA:165,7
DA:166,7
DA:168,53
DA:169,2
DA:170,2
DA:172,53
DA:173,2
DA:174,2
DA:175,6
DA:176,2
DA:177,2
DA:178,2
DA:179,2
DA:180,4
DA:181,2
DA:182,2
DA:183,2
DA:185,53
DA:186,2
DA:187,2
DA:188,2
DA:189,2
DA:190,2
DA:191,2
DA:193,53
DA:194,5
DA:195,5
DA:196,5
DA:197,5
DA:198,5
DA:199,5
DA:201,53
DA:202,53
DA:203,53
DA:204,53
DA:205,53
DA:206,53
DA:207,53
DA:208,53
DA:209,53
DA:210,53
DA:211,53
DA:212,53
DA:213,53
DA:215,53
DA:216,53
DA:218,53
DA:220,1
DA:221,50
DA:222,50
DA:223,4
DA:224,4
DA:225,46
DA:226,46
LF:161
LH:157
BRDA:114,0,0,53
BRDA:115,1,0,35
BRDA:118,2,0,2
BRDA:118,3,0,33
BRDA:119,4,0,1
BRDA:124,5,0,35
BRDA:127,6,0,0
BRDA:128,7,0,0
BRDA:133,8,0,35
BRDA:136,9,0,0
BRDA:137,10,0,0
BRDA:142,11,0,48
BRDA:146,12,0,37
BRDA:150,13,0,37
BRDA:154,14,0,6
BRDA:159,15,0,6
BRDA:162,16,0,7
BRDA:163,17,0,7
BRDA:164,18,0,21
BRDA:164,19,0,7
BRDA:164,20,0,14
BRDA:168,21,0,2
BRDA:169,22,0,2
BRDA:169,23,0,6
BRDA:172,24,0,2
BRDA:173,25,0,2
BRDA:174,26,0,6
BRDA:175,27,0,2
BRDA:179,28,0,4
BRDA:185,29,0,2
BRDA:190,30,0,2
BRDA:193,31,0,5
BRDA:198,32,0,5
BRDA:220,33,0,50
BRDA:222,34,0,4
BRDA:224,35,0,46
BRF:36
BRH:32
end_of_record
TN:
SF:src\hooks\useKeyboardManager.ts
FN:11,useKeyboardManager
FN:18,getKeyboardType
FNF:2
FNH:2
FNDA:4,useKeyboardManager
FNDA:2,getKeyboardType
DA:1,1
DA:11,1
DA:12,4
DA:13,4
DA:14,4
DA:15,4
DA:16,4
DA:18,4
DA:19,2
DA:21,2
DA:22,2
DA:23,2
DA:24,2
DA:27,1
DA:28,2
DA:29,2
DA:30,2
DA:32,1
DA:33,2
DA:35,4
DA:36,2
DA:38,2
DA:39,2
DA:42,2
DA:43,2
DA:44,2
DA:45,2
DA:46,2
DA:47,2
DA:48,0
DA:49,0
DA:51,2
DA:53,2
DA:54,2
DA:55,2
DA:56,2
DA:57,2
DA:60,2
DA:61,0
DA:62,0
DA:63,0
DA:64,0
DA:65,2
DA:66,2
DA:67,4
DA:69,4
DA:70,0
DA:71,0
DA:74,0
DA:75,0
DA:76,0
DA:79,0
DA:80,0
DA:81,0
DA:83,0
DA:85,0
DA:86,0
DA:87,0
DA:88,0
DA:89,0
DA:90,0
DA:91,0
DA:92,0
DA:93,4
DA:95,4
DA:96,1
DA:98,1
DA:99,1
DA:101,1
DA:102,1
DA:103,1
DA:104,1
DA:105,4
DA:107,4
DA:108,3
DA:110,3
DA:111,3
DA:112,3
DA:113,3
DA:115,3
DA:116,1
DA:118,1
DA:119,1
DA:120,1
DA:121,1
DA:123,0
DA:124,0
DA:125,0
DA:126,0
DA:127,3
DA:129,1
DA:130,1
DA:131,1
DA:132,1
DA:133,1
DA:134,0
DA:135,0
DA:136,1
DA:138,1
DA:139,1
DA:140,1
DA:141,1
DA:144,3
DA:145,3
DA:146,4
DA:148,4
DA:149,1
DA:150,1
DA:151,1
DA:152,1
DA:153,1
DA:154,1
DA:155,1
DA:156,1
DA:157,4
DA:159,4
DA:160,4
DA:161,4
DA:162,4
DA:163,4
DA:164,4
DA:165,4
LF:122
LH:93
BRDA:11,0,0,4
BRDA:18,1,0,2
BRDA:19,2,0,1
BRDA:21,3,0,0
BRDA:22,4,0,0
BRDA:23,5,0,1
BRDA:24,6,0,0
BRDA:24,7,0,1
BRDA:28,8,0,0
BRDA:28,9,0,1
BRDA:29,10,0,0
BRDA:29,11,0,1
BRDA:30,12,0,0
BRDA:30,13,0,1
BRDA:35,14,0,2
BRDA:38,15,0,1
BRDA:47,16,0,0
BRDA:95,17,0,1
BRDA:96,18,0,0
BRDA:101,19,0,1
BRDA:107,20,0,3
BRDA:108,21,0,0
BRDA:111,22,0,1
BRDA:112,23,0,1
BRDA:115,24,0,1
BRDA:121,25,0,0
BRDA:127,26,0,2
BRDA:127,27,0,1
BRDA:133,28,0,0
BRDA:148,29,0,1
BRF:30
BRH:19
end_of_record
TN:
SF:src\pages\AddMedicationPage.tsx
FN:12,AddMedicationPage
FN:41,handleAddTime
FN:48,handleRemoveTime
FN:52,handleSubmit
FN:75,onClick
FN:94,onChange
FN:103,onChange
FN:112,onChange
FN:128,onChange
FN:168,onChange
FN:176,onChange
FN:184,onChange
FN:193,onChange
FN:204,onClick
FNF:14
FNH:1
FNDA:1,AddMedicationPage
FNDA:0,handleAddTime
FNDA:0,handleRemoveTime
FNDA:0,handleSubmit
FNDA:0,onClick
FNDA:0,onChange
FNDA:0,onChange
FNDA:0,onChange
FNDA:0,onChange
FNDA:0,onChange
FNDA:0,onChange
FNDA:0,onChange
FNDA:0,onChange
FNDA:0,onClick
DA:1,1
DA:12,1
DA:13,1
DA:14,1
DA:15,1
DA:17,1
DA:18,1
DA:20,1
DA:21,1
DA:22,1
DA:23,1
DA:24,1
DA:25,1
DA:26,1
DA:27,1
DA:28,1
DA:29,1
DA:31,1
DA:33,1
DA:34,1
DA:35,1
DA:36,1
DA:37,1
DA:38,1
DA:39,1
DA:41,1
DA:42,0
DA:43,0
DA:44,0
DA:45,0
DA:46,0
DA:48,1
DA:49,0
DA:50,0
DA:52,1
DA:53,0
DA:55,0
DA:56,0
DA:57,0
DA:58,0
DA:59,0
DA:60,0
DA:61,0
DA:62,0
DA:64,0
DA:65,0
DA:67,1
DA:68,1
DA:69,1
DA:71,1
DA:72,1
DA:73,1
DA:74,1
DA:75,1
DA:76,1
DA:77,1
DA:78,1
DA:79,1
DA:80,1
DA:81,1
DA:83,1
DA:84,1
DA:85,1
DA:87,1
DA:88,1
DA:89,1
DA:90,1
DA:91,1
DA:92,1
DA:93,1
DA:94,1
DA:95,1
DA:96,1
DA:97,1
DA:99,1
DA:100,1
DA:101,1
DA:102,1
DA:103,1
DA:104,1
DA:105,1
DA:106,1
DA:108,1
DA:109,1
DA:110,1
DA:111,1
DA:112,1
DA:113,1
DA:114,1
DA:115,1
DA:116,1
DA:119,1
DA:120,1
DA:121,1
DA:122,1
DA:123,1
DA:124,1
DA:125,1
DA:126,1
DA:127,1
DA:128,1
DA:129,1
DA:130,1
DA:131,1
DA:132,1
DA:133,1
DA:134,1
DA:135,1
DA:136,1
DA:138,1
DA:139,1
DA:140,1
DA:141,0
DA:142,0
DA:143,0
DA:144,0
DA:145,0
DA:146,0
DA:147,0
DA:148,0
DA:150,0
DA:151,0
DA:152,0
DA:153,0
DA:154,0
DA:156,1
DA:157,1
DA:158,1
DA:161,1
DA:162,1
DA:163,1
DA:164,1
DA:165,1
DA:166,1
DA:167,1
DA:168,1
DA:169,1
DA:170,1
DA:172,1
DA:173,1
DA:174,1
DA:175,1
DA:176,1
DA:177,1
DA:178,1
DA:180,1
DA:181,1
DA:182,1
DA:183,1
DA:184,1
DA:185,1
DA:186,1
DA:188,1
DA:189,1
DA:190,1
DA:191,1
DA:192,1
DA:193,1
DA:194,1
DA:195,1
DA:196,1
DA:197,1
DA:200,1
DA:201,1
DA:202,1
DA:203,1
DA:204,1
DA:205,1
DA:206,1
DA:207,1
DA:209,1
DA:210,1
DA:211,1
DA:212,1
DA:213,1
DA:214,1
DA:216,1
DA:217,1
DA:218,1
DA:219,1
DA:220,1
DA:221,1
DA:222,1
DA:223,1
DA:225,1
LF:185
LH:154
BRDA:12,0,0,1
BRDA:17,1,0,0
BRDA:21,2,0,0
BRDA:22,3,0,0
BRDA:23,4,0,0
BRDA:24,5,0,0
BRDA:25,6,0,0
BRDA:26,7,0,0
BRDA:27,8,0,0
BRDA:28,9,0,0
BRDA:79,10,0,0
BRDA:140,11,0,0
BRDA:216,12,0,0
BRF:13
BRH:1
end_of_record
TN:
SF:src\pages\DashboardPage.tsx
FN:23,DashboardPage
FN:44,getGreeting
FN:79,onClick
FN:94,onClick
FN:104,onClick
FN:114,onClick
FN:124,onClick
FN:148,onClick
FNF:8
FNH:2
FNDA:1,DashboardPage
FNDA:1,getGreeting
FNDA:0,onClick
FNDA:0,onClick
FNDA:0,onClick
FNDA:0,onClick
FNDA:0,onClick
FNDA:0,onClick
DA:1,1
DA:23,1
DA:24,1
DA:25,1
DA:26,1
DA:29,1
DA:30,1
DA:32,1
DA:33,3
DA:34,4
DA:35,4
DA:36,3
DA:37,1
DA:39,1
DA:40,1
DA:41,1
DA:42,1
DA:44,1
DA:45,1
DA:46,1
DA:47,1
DA:48,0
DA:49,1
DA:51,1
DA:52,1
DA:53,1
DA:55,1
DA:56,1
DA:57,1
DA:58,1
DA:59,1
DA:60,1
DA:61,1
DA:62,1
DA:65,1
DA:66,0
DA:67,0
DA:68,0
DA:69,0
DA:70,0
DA:71,0
DA:72,0
DA:74,0
DA:75,0
DA:76,0
DA:77,0
DA:78,0
DA:79,0
DA:80,0
DA:81,0
DA:83,0
DA:84,0
DA:85,0
DA:89,1
DA:90,1
DA:91,1
DA:92,1
DA:93,1
DA:94,1
DA:95,1
DA:97,1
DA:98,1
DA:99,1
DA:100,1
DA:101,1
DA:103,1
DA:104,1
DA:105,1
DA:107,1
DA:108,1
DA:109,1
DA:110,1
DA:111,1
DA:113,1
DA:114,1
DA:115,1
DA:117,1
DA:118,1
DA:119,1
DA:120,1
DA:121,1
DA:123,1
DA:124,1
DA:125,1
DA:127,1
DA:128,1
DA:129,1
DA:130,1
DA:131,1
DA:132,1
DA:133,1
DA:134,1
DA:137,1
DA:139,1
DA:140,1
DA:141,1
DA:142,1
DA:143,1
DA:144,1
DA:145,1
DA:146,1
DA:147,1
DA:148,1
DA:149,1
DA:150,1
DA:152,1
DA:154,1
DA:155,1
DA:156,1
DA:157,1
DA:158,1
DA:159,1
DA:161,1
DA:162,1
DA:164,0
DA:165,0
DA:166,0
DA:167,0
DA:168,0
DA:170,0
DA:171,0
DA:172,0
DA:173,0
DA:174,0
DA:175,0
DA:176,0
DA:178,0
DA:179,0
DA:180,0
DA:181,0
DA:182,0
DA:183,0
DA:184,0
DA:186,0
DA:187,0
DA:188,0
DA:189,0
DA:190,0
DA:191,0
DA:193,0
DA:194,0
DA:195,0
DA:196,0
DA:197,0
DA:198,0
DA:200,1
DA:201,1
DA:202,1
DA:205,1
DA:206,1
DA:207,1
DA:208,1
DA:209,1
DA:210,1
DA:211,1
DA:212,1
DA:213,1
DA:214,1
DA:215,1
DA:217,1
DA:218,1
DA:219,1
DA:220,0
DA:221,0
DA:222,0
DA:224,0
DA:225,0
DA:227,1
DA:228,1
DA:229,2
DA:230,2
DA:231,2
DA:233,2
DA:234,2
DA:235,2
DA:236,2
DA:237,2
DA:238,2
DA:239,2
DA:240,2
DA:241,2
DA:242,2
DA:243,2
DA:244,2
DA:245,2
DA:246,2
DA:247,2
DA:248,2
DA:249,2
DA:250,2
DA:251,2
DA:252,2
DA:253,2
DA:254,2
DA:255,2
DA:256,2
DA:257,2
DA:258,2
DA:259,2
DA:260,2
DA:261,2
DA:262,1
DA:263,1
DA:265,1
DA:266,1
DA:267,1
DA:268,1
DA:271,1
DA:272,1
DA:273,1
DA:274,1
DA:275,1
DA:276,1
DA:277,1
DA:279,1
DA:280,1
DA:282,1
DA:283,1
DA:284,1
DA:285,1
DA:287,1
DA:288,1
DA:290,1
DA:291,1
DA:292,1
DA:293,1
DA:295,1
DA:296,1
DA:298,1
DA:299,1
DA:300,1
DA:301,1
DA:303,1
DA:304,1
DA:306,1
DA:307,1
DA:308,1
DA:309,1
DA:310,1
DA:311,1
DA:312,1
DA:313,1
DA:315,1
LF:243
LH:188
BRDA:23,0,0,1
BRDA:65,1,0,0
BRDA:162,2,0,0
BRDA:219,3,0,0
BRDA:32,4,0,3
BRDA:33,5,0,4
BRDA:35,6,0,2
BRDA:40,7,0,2
BRDA:41,8,0,1
BRDA:44,9,0,1
BRDA:46,10,0,0
BRDA:47,11,0,0
BRDA:228,12,0,2
BRDA:257,13,0,1
BRDA:257,14,0,1
BRDA:258,15,0,1
BRDA:258,16,0,1
BRF:17
BRH:12
end_of_record
TN:
SF:src\pages\LoginPage.tsx
FN:11,LoginPage
FN:20,handleSubmit
FN:35,handleBiometricLogin
FN:76,onChange
FN:88,onChange
FN:93,onClick
FNF:6
FNH:1
FNDA:1,LoginPage
FNDA:0,handleSubmit
FNDA:0,handleBiometricLogin
FNDA:0,onChange
FNDA:0,onChange
FNDA:0,onClick
DA:1,1
DA:11,1
DA:12,1
DA:13,1
DA:14,1
DA:15,1
DA:16,1
DA:17,1
DA:18,1
DA:20,1
DA:21,0
DA:22,0
DA:23,0
DA:25,0
DA:26,0
DA:27,0
DA:28,0
DA:29,0
DA:30,0
DA:31,0
DA:32,0
DA:33,0
DA:35,1
DA:36,0
DA:37,0
DA:39,0
DA:40,0
DA:41,0
DA:42,0
DA:43,0
DA:44,0
DA:45,0
DA:46,0
DA:47,0
DA:49,1
DA:50,1
DA:51,1
DA:52,1
DA:53,1
DA:54,1
DA:55,1
DA:56,1
DA:57,1
DA:59,1
DA:60,1
DA:62,1
DA:63,1
DA:64,1
DA:65,0
DA:66,0
DA:67,0
DA:70,1
DA:71,1
DA:72,1
DA:73,1
DA:74,1
DA:75,1
DA:76,1
DA:77,1
DA:78,1
DA:79,1
DA:80,1
DA:81,1
DA:83,1
DA:84,1
DA:85,1
DA:86,1
DA:87,1
DA:88,1
DA:89,1
DA:90,1
DA:91,1
DA:92,1
DA:93,1
DA:94,1
DA:95,1
DA:97,1
DA:98,1
DA:100,1
DA:101,1
DA:102,1
DA:103,1
DA:105,1
DA:106,1
DA:107,1
DA:108,1
DA:109,1
DA:110,1
DA:111,1
DA:113,1
DA:114,1
DA:115,1
DA:116,1
DA:117,1
DA:118,1
DA:120,1
DA:121,1
DA:123,1
DA:124,1
DA:125,1
DA:126,1
DA:127,1
DA:128,1
DA:129,1
DA:131,1
DA:132,1
DA:134,1
DA:135,1
DA:136,1
DA:137,1
DA:138,1
DA:139,1
DA:140,1
DA:142,1
DA:143,1
DA:144,1
DA:146,1
DA:147,1
DA:148,1
DA:149,1
DA:150,1
DA:151,1
DA:152,1
DA:153,1
DA:154,1
DA:155,1
DA:157,1
DA:158,1
DA:159,1
DA:161,1
DA:162,1
DA:163,1
DA:164,1
DA:166,1
DA:167,1
DA:168,1
DA:169,1
DA:170,1
DA:172,1
DA:173,1
DA:174,1
DA:175,1
DA:177,1
DA:178,1
DA:179,1
DA:181,1
DA:182,1
DA:183,1
DA:184,1
DA:185,1
DA:187,1
LF:151
LH:125
BRDA:11,0,0,1
BRDA:64,1,0,0
BRDA:84,2,0,0
BRDA:95,3,0,0
BRDA:97,4,0,0
BRF:5
BRH:1
end_of_record
TN:
SF:src\pages\MedicationDetailPage.tsx
FN:10,MedicationDetailPage
FN:22,onClick
FN:36,onClick
FN:47,onClick
FN:138,onClick
FNF:5
FNH:1
FNDA:1,MedicationDetailPage
FNDA:0,onClick
FNDA:0,onClick
FNDA:0,onClick
FNDA:0,onClick
DA:1,1
DA:10,1
DA:11,1
DA:12,1
DA:13,1
DA:15,1
DA:17,1
DA:18,0
DA:19,0
DA:20,0
DA:21,0
DA:22,0
DA:23,0
DA:24,0
DA:26,0
DA:28,1
DA:29,1
DA:30,1
DA:32,1
DA:33,1
DA:34,1
DA:35,1
DA:36,1
DA:37,1
DA:38,1
DA:39,1
DA:40,1
DA:41,1
DA:42,1
DA:43,1
DA:44,1
DA:45,1
DA:46,1
DA:47,1
DA:48,1
DA:49,1
DA:50,1
DA:51,1
DA:52,1
DA:53,1
DA:54,1
DA:55,1
DA:56,1
DA:58,1
DA:60,1
DA:61,1
DA:62,1
DA:63,1
DA:64,1
DA:65,1
DA:66,1
DA:67,1
DA:68,1
DA:69,1
DA:70,1
DA:71,1
DA:72,1
DA:73,1
DA:74,1
DA:75,1
DA:76,1
DA:77,1
DA:78,1
DA:79,1
DA:80,1
DA:81,1
DA:82,1
DA:83,1
DA:84,1
DA:85,1
DA:86,1
DA:88,1
DA:89,1
DA:90,1
DA:91,1
DA:92,1
DA:93,1
DA:94,1
DA:97,1
DA:98,1
DA:99,1
DA:100,1
DA:101,1
DA:102,1
DA:103,1
DA:104,1
DA:105,1
DA:106,1
DA:107,1
DA:108,1
DA:109,1
DA:110,1
DA:111,1
DA:112,1
DA:113,1
DA:114,1
DA:115,1
DA:116,1
DA:117,1
DA:118,1
DA:119,1
DA:120,1
DA:121,1
DA:122,1
DA:123,1
DA:124,1
DA:125,1
DA:127,1
DA:128,1
DA:129,1
DA:130,1
DA:131,1
DA:133,1
DA:134,1
DA:135,1
DA:136,1
DA:137,1
DA:138,1
DA:139,1
DA:141,1
DA:142,1
DA:143,1
DA:144,1
DA:145,1
DA:146,1
DA:147,1
DA:148,1
DA:150,1
LF:128
LH:120
BRDA:10,0,0,1
BRDA:17,1,0,0
BRDA:91,2,0,0
BRDA:120,3,0,0
BRDA:15,4,0,1
BRDA:76,5,0,1
BRF:6
BRH:3
end_of_record
TN:
SF:src\pages\MedicationsPage.tsx
FN:13,MedicationsPage
FN:89,onClick
FN:105,onChange
FN:208,MedicationList
FNF:4
FNH:1
FNDA:2,MedicationsPage
FNDA:0,onClick
FNDA:0,onChange
FNDA:0,MedicationList
DA:1,1
DA:13,1
DA:14,2
DA:15,2
DA:16,2
DA:17,2
DA:19,2
DA:20,2
DA:21,2
DA:22,2
DA:23,2
DA:24,2
DA:26,2
DA:27,3
DA:28,0
DA:30,3
DA:31,0
DA:32,0
DA:34,3
DA:35,2
DA:37,2
DA:38,2
DA:39,3
DA:40,2
DA:41,2
DA:42,3
DA:43,4
DA:44,4
DA:45,3
DA:46,2
DA:47,2
DA:48,3
DA:49,2
DA:50,2
DA:52,2
DA:53,2
DA:54,2
DA:55,2
DA:56,2
DA:57,2
DA:58,2
DA:59,2
DA:60,2
DA:61,2
DA:62,2
DA:63,2
DA:64,2
DA:65,2
DA:66,2
DA:67,2
DA:68,2
DA:69,2
DA:70,2
DA:71,2
DA:72,2
DA:73,2
DA:75,2
DA:76,2
DA:77,2
DA:79,2
DA:80,2
DA:81,2
DA:82,2
DA:84,2
DA:85,2
DA:86,2
DA:87,2
DA:88,2
DA:89,2
DA:90,2
DA:91,2
DA:92,2
DA:94,2
DA:95,2
DA:98,2
DA:99,2
DA:100,2
DA:101,2
DA:102,2
DA:103,2
DA:104,2
DA:105,2
DA:106,2
DA:107,2
DA:108,2
DA:109,2
DA:110,2
DA:111,2
DA:112,2
DA:113,2
DA:114,2
DA:115,2
DA:116,2
DA:117,2
DA:118,2
DA:121,2
DA:122,2
DA:123,2
DA:124,2
DA:125,2
DA:126,2
DA:127,2
DA:128,2
DA:129,2
DA:130,2
DA:131,2
DA:133,2
DA:134,2
DA:135,2
DA:136,2
DA:137,2
DA:139,2
DA:140,2
DA:141,2
DA:142,2
DA:143,2
DA:144,2
DA:145,2
DA:146,2
DA:147,2
DA:149,2
DA:150,2
DA:151,2
DA:152,2
DA:153,2
DA:155,2
DA:156,2
DA:157,2
DA:158,2
DA:159,2
DA:160,2
DA:161,2
DA:162,2
DA:163,2
DA:164,2
DA:165,2
DA:167,2
DA:168,2
DA:169,2
DA:170,2
DA:171,2
DA:173,2
DA:174,2
DA:175,2
DA:176,2
DA:177,2
DA:178,2
DA:179,2
DA:180,2
DA:181,2
DA:183,2
DA:184,2
DA:185,2
DA:186,2
DA:187,2
DA:188,2
DA:189,2
DA:192,2
DA:193,2
DA:194,2
DA:195,2
DA:196,2
DA:197,2
DA:198,2
DA:200,2
DA:208,0
DA:209,0
DA:210,0
DA:211,0
DA:212,0
DA:213,0
DA:215,0
DA:216,0
DA:218,0
DA:220,0
DA:221,0
DA:222,0
DA:223,0
DA:224,0
DA:225,0
DA:226,0
DA:227,0
DA:229,0
DA:230,0
DA:232,0
DA:233,0
DA:234,0
DA:237,0
DA:238,0
DA:239,0
DA:240,0
DA:241,0
DA:242,0
DA:243,0
DA:244,0
DA:245,0
DA:246,0
DA:247,0
DA:249,0
DA:251,0
DA:253,0
DA:254,0
DA:255,0
DA:256,0
DA:259,0
DA:260,0
DA:261,0
DA:262,0
DA:263,0
DA:264,0
DA:265,0
DA:266,0
DA:268,0
DA:269,0
DA:270,0
DA:271,0
DA:275,0
DA:276,0
DA:277,0
DA:278,0
DA:279,0
DA:280,0
DA:281,0
DA:282,0
DA:283,0
DA:285,0
DA:286,0
DA:287,0
DA:288,0
DA:289,0
DA:290,0
DA:291,0
DA:292,0
DA:293,0
DA:294,0
DA:296,0
DA:298,0
DA:299,0
DA:300,0
DA:301,0
DA:302,0
DA:303,0
DA:304,0
DA:306,0
LF:244
LH:162
BRDA:13,0,0,2
BRDA:26,1,0,3
BRDA:27,2,0,0
BRDA:30,3,0,0
BRDA:38,4,0,3
BRDA:39,5,0,3
BRDA:41,6,0,3
BRDA:42,7,0,4
BRDA:44,8,0,2
BRDA:47,9,0,3
BRDA:48,10,0,4
BRDA:146,11,0,3
BRDA:163,12,0,3
BRDA:163,13,0,0
BRF:14
BRH:11
end_of_record
TN:
SF:src\pages\MessagesPage.tsx
FN:9,MessagesPage
FN:62,onClick
FN:80,onChange
FNF:3
FNH:1
FNDA:1,MessagesPage
FNDA:0,onClick
FNDA:0,onChange
DA:1,1
DA:9,1
DA:10,1
DA:11,1
DA:13,1
DA:14,1
DA:15,1
DA:16,1
DA:17,1
DA:18,1
DA:20,1
DA:21,1
DA:22,1
DA:23,1
DA:25,1
DA:26,1
DA:27,1
DA:28,1
DA:30,1
DA:32,1
DA:33,1
DA:34,1
DA:35,1
DA:36,1
DA:37,1
DA:38,2
DA:39,2
DA:40,2
DA:41,2
DA:42,2
DA:43,2
DA:44,2
DA:45,2
DA:46,2
DA:47,1
DA:48,1
DA:49,1
DA:50,1
DA:51,1
DA:54,1
DA:55,1
DA:56,1
DA:57,1
DA:58,1
DA:59,1
DA:60,4
DA:61,4
DA:62,4
DA:63,4
DA:65,4
DA:66,4
DA:67,1
DA:68,1
DA:69,1
DA:70,1
DA:72,1
DA:73,1
DA:74,1
DA:75,1
DA:76,1
DA:77,1
DA:78,1
DA:79,1
DA:80,1
DA:81,1
DA:82,1
DA:83,1
DA:84,1
DA:85,1
DA:87,1
DA:88,1
DA:89,1
DA:90,1
DA:91,1
DA:92,1
DA:93,1
DA:94,1
DA:95,1
DA:96,1
DA:97,1
DA:98,1
DA:99,1
DA:100,1
DA:101,1
DA:103,1
LF:85
LH:85
BRDA:9,0,0,1
BRDA:37,1,0,2
BRDA:41,2,0,1
BRDA:59,3,0,4
BRF:4
BRH:4
end_of_record
TN:
SF:src\pages\NotFoundPage.tsx
FN:7,NotFoundPage
FN:21,onClick
FNF:2
FNH:1
FNDA:1,NotFoundPage
FNDA:0,onClick
DA:1,1
DA:7,1
DA:8,1
DA:10,1
DA:11,1
DA:12,1
DA:13,1
DA:14,1
DA:15,1
DA:17,1
DA:18,1
DA:19,1
DA:20,1
DA:21,1
DA:22,1
DA:23,1
DA:25,1
DA:26,1
DA:27,1
DA:29,1
LF:20
LH:20
BRDA:7,0,0,1
BRF:1
BRH:1
end_of_record
TN:
SF:src\pages\OnboardingPage.tsx
FN:9,OnboardingPage
FN:47,onClick
FN:74,onClick
FN:184,handleNext
FN:192,handleBack
FN:198,handleComplete
FNF:6
FNH:1
FNDA:1,OnboardingPage
FNDA:0,onClick
FNDA:0,onClick
FNDA:0,handleNext
FNDA:0,handleBack
FNDA:0,handleComplete
DA:1,1
DA:9,1
DA:10,1
DA:11,1
DA:12,1
DA:13,1
DA:15,1
DA:16,1
DA:17,1
DA:18,1
DA:19,1
DA:20,1
DA:21,1
DA:22,1
DA:23,1
DA:24,1
DA:25,1
DA:27,1
DA:28,1
DA:30,1
DA:31,1
DA:32,1
DA:33,1
DA:34,1
DA:35,1
DA:36,1
DA:37,1
DA:38,1
DA:40,1
DA:41,1
DA:43,1
DA:44,1
DA:45,1
DA:46,1
DA:47,1
DA:48,1
DA:49,1
DA:50,0
DA:51,1
DA:52,1
DA:54,1
DA:55,1
DA:56,1
DA:57,1
DA:58,1
DA:60,1
DA:61,1
DA:62,0
DA:63,0
DA:64,0
DA:65,0
DA:67,1
DA:68,1
DA:69,1
DA:71,1
DA:72,1
DA:73,1
DA:74,1
DA:75,1
DA:76,1
DA:77,0
DA:78,1
DA:79,1
DA:81,1
DA:82,1
DA:83,1
DA:84,1
DA:85,1
DA:87,1
DA:88,1
DA:89,0
DA:90,0
DA:91,0
DA:92,0
DA:94,1
DA:95,1
DA:96,1
DA:97,1
DA:98,1
DA:100,1
DA:101,1
DA:102,1
DA:103,1
DA:104,1
DA:105,1
DA:106,1
DA:107,1
DA:108,1
DA:109,1
DA:111,1
DA:112,1
DA:114,1
DA:115,1
DA:116,1
DA:117,1
DA:118,1
DA:119,1
DA:120,1
DA:121,1
DA:122,1
DA:123,1
DA:125,1
DA:126,1
DA:127,1
DA:128,1
DA:129,1
DA:131,1
DA:132,1
DA:133,1
DA:134,1
DA:135,1
DA:136,1
DA:137,1
DA:138,1
DA:139,1
DA:141,1
DA:142,1
DA:143,1
DA:144,1
DA:145,1
DA:147,1
DA:148,1
DA:149,1
DA:150,1
DA:151,1
DA:152,1
DA:153,1
DA:154,1
DA:155,1
DA:157,1
DA:158,1
DA:159,1
DA:160,1
DA:161,1
DA:163,1
DA:164,1
DA:165,1
DA:166,1
DA:167,1
DA:168,1
DA:169,1
DA:170,1
DA:171,1
DA:173,1
DA:174,1
DA:175,1
DA:176,1
DA:177,1
DA:178,1
DA:179,1
DA:181,1
DA:182,1
DA:184,1
DA:185,0
DA:186,0
DA:187,0
DA:188,0
DA:189,0
DA:190,0
DA:192,1
DA:193,0
DA:194,0
DA:195,0
DA:196,0
DA:198,1
DA:200,0
DA:201,0
DA:202,0
DA:203,0
DA:204,0
DA:206,1
DA:208,1
DA:209,1
DA:210,1
DA:211,1
DA:212,1
DA:214,1
DA:215,1
DA:216,3
DA:217,3
DA:218,3
DA:219,3
DA:220,1
DA:221,2
DA:222,0
DA:223,2
DA:224,3
DA:225,3
DA:226,3
DA:227,1
DA:228,1
DA:231,1
DA:232,1
DA:233,1
DA:236,1
DA:237,1
DA:238,1
DA:239,1
DA:240,1
DA:241,1
DA:242,1
DA:244,1
DA:246,1
DA:247,1
DA:248,1
DA:250,1
DA:251,1
DA:252,1
DA:253,1
DA:254,1
DA:256,1
DA:257,1
DA:258,1
DA:259,1
DA:260,1
DA:261,1
DA:262,1
DA:264,1
LF:218
LH:192
BRDA:9,0,0,1
BRDA:46,1,0,0
BRDA:49,2,0,0
BRDA:61,3,0,0
BRDA:73,4,0,0
BRDA:76,5,0,0
BRDA:88,6,0,0
BRDA:206,7,0,0
BRDA:256,8,0,0
BRDA:215,9,0,3
BRDA:219,10,0,1
BRDA:220,11,0,2
BRDA:221,12,0,0
BRDA:225,13,0,1
BRDA:225,14,0,2
BRDA:225,15,0,0
BRF:16
BRH:6
end_of_record
TN:
SF:src\pages\ProfilePage.tsx
FN:8,ProfilePage
FNF:1
FNH:1
FNDA:1,ProfilePage
DA:1,1
DA:8,1
DA:9,1
DA:11,1
DA:12,1
DA:13,1
DA:14,1
DA:16,1
DA:17,1
DA:18,1
DA:19,1
DA:20,1
DA:21,1
DA:22,1
DA:23,1
DA:24,1
DA:25,1
DA:27,1
DA:28,1
DA:29,1
DA:30,1
DA:32,1
DA:33,1
DA:34,1
DA:35,1
DA:36,1
DA:37,1
DA:38,1
DA:39,1
DA:40,1
DA:41,1
DA:42,1
DA:43,1
DA:44,1
DA:45,1
DA:46,1
DA:47,1
DA:48,1
DA:49,1
DA:50,1
DA:51,1
DA:52,1
DA:53,1
DA:54,1
DA:55,1
DA:56,1
DA:57,1
DA:58,1
DA:59,1
DA:60,1
DA:61,1
DA:62,1
DA:63,1
DA:64,1
DA:65,1
DA:66,1
DA:67,1
DA:69,1
DA:70,1
DA:71,1
DA:72,1
DA:73,1
DA:74,1
DA:75,1
DA:76,1
DA:77,1
DA:78,1
DA:79,1
DA:80,1
DA:81,1
DA:82,1
DA:83,1
DA:84,1
DA:85,1
DA:86,1
DA:87,1
DA:88,1
DA:89,1
DA:90,1
DA:91,1
DA:93,1
LF:81
LH:81
BRDA:8,0,0,1
BRF:1
BRH:1
end_of_record
TN:
SF:src\pages\RefillRequestPage.tsx
FN:10,RefillRequestPage
FN:24,handleSubmit
FN:36,onClick
FN:67,onChange
FN:73,onChange
FN:79,onChange
FN:86,onClick
FN:102,onChange
FN:108,onChange
FN:111,onClick
FNF:10
FNH:1
FNDA:1,RefillRequestPage
FNDA:0,handleSubmit
FNDA:0,onClick
FNDA:0,onChange
FNDA:0,onChange
FNDA:0,onChange
FNDA:0,onClick
FNDA:0,onChange
FNDA:0,onChange
FNDA:0,onClick
DA:1,1
DA:10,1
DA:11,1
DA:12,1
DA:13,1
DA:14,1
DA:15,1
DA:16,1
DA:18,1
DA:20,1
DA:22,1
DA:24,1
DA:26,0
DA:27,0
DA:29,1
DA:30,1
DA:31,1
DA:32,1
DA:33,1
DA:34,1
DA:35,1
DA:36,1
DA:37,1
DA:38,1
DA:39,1
DA:40,1
DA:41,1
DA:42,1
DA:43,1
DA:46,1
DA:47,1
DA:48,3
DA:49,3
DA:50,3
DA:51,3
DA:52,3
DA:53,3
DA:54,1
DA:55,1
DA:57,1
DA:58,1
DA:59,1
DA:60,1
DA:61,1
DA:62,1
DA:63,1
DA:64,1
DA:65,1
DA:66,1
DA:67,1
DA:68,1
DA:69,1
DA:70,1
DA:71,1
DA:72,1
DA:73,1
DA:74,1
DA:75,1
DA:76,1
DA:77,1
DA:78,1
DA:79,1
DA:80,1
DA:81,1
DA:82,1
DA:83,1
DA:84,1
DA:85,1
DA:86,1
DA:87,1
DA:88,1
DA:90,1
DA:91,1
DA:94,1
DA:95,0
DA:96,0
DA:97,0
DA:98,0
DA:99,0
DA:100,0
DA:101,0
DA:102,0
DA:103,0
DA:104,0
DA:105,0
DA:106,0
DA:107,0
DA:108,0
DA:109,0
DA:110,0
DA:111,0
DA:113,0
DA:114,0
DA:117,1
DA:118,0
DA:119,0
DA:120,0
DA:121,0
DA:122,0
DA:123,0
DA:124,0
DA:126,0
DA:127,0
DA:129,0
DA:130,0
DA:131,0
DA:132,0
DA:133,0
DA:134,0
DA:135,0
DA:136,0
DA:137,0
DA:138,0
DA:139,0
DA:140,0
DA:141,0
DA:142,0
DA:143,0
DA:144,0
DA:146,0
DA:148,0
DA:149,0
DA:151,1
DA:152,1
DA:153,1
DA:154,1
DA:156,1
LF:127
LH:78
BRDA:10,0,0,1
BRDA:20,1,0,0
BRDA:94,2,0,0
BRDA:117,3,0,0
BRDA:18,4,0,1
BRDA:47,5,0,3
BRDA:51,6,0,1
BRDA:51,7,0,2
BRF:8
BRH:5
end_of_record
TN:
SF:src\pages\SettingsPage.tsx
FN:12,SettingsPage
FN:31,handleEnableNotifications
FN:40,handleClearCache
FN:172,onChange
FN:213,onChange
FN:228,onChange
FN:236,onChange
FN:294,onChange
FN:349,onChange
FN:362,onChange
FN:503,onClick
FNF:11
FNH:1
FNDA:1,SettingsPage
FNDA:0,handleEnableNotifications
FNDA:0,handleClearCache
FNDA:0,onChange
FNDA:0,onChange
FNDA:0,onChange
FNDA:0,onChange
FNDA:0,onChange
FNDA:0,onChange
FNDA:0,onChange
FNDA:0,onClick
DA:1,1
DA:12,1
DA:13,1
DA:14,1
DA:15,1
DA:16,1
DA:17,1
DA:19,1
DA:20,1
DA:23,1
DA:24,0
DA:25,0
DA:26,0
DA:27,0
DA:28,0
DA:29,1
DA:31,1
DA:32,0
DA:33,0
DA:35,0
DA:36,0
DA:37,0
DA:38,0
DA:40,1
DA:41,0
DA:42,0
DA:43,0
DA:44,0
DA:45,0
DA:47,1
DA:48,1
DA:49,1
DA:50,1
DA:51,1
DA:53,1
DA:54,1
DA:55,1
DA:56,1
DA:57,1
DA:58,1
DA:60,1
DA:61,1
DA:62,1
DA:63,1
DA:64,1
DA:65,1
DA:66,1
DA:67,1
DA:68,1
DA:69,1
DA:70,1
DA:71,1
DA:72,1
DA:73,1
DA:74,1
DA:75,1
DA:76,1
DA:77,1
DA:78,1
DA:79,1
DA:80,1
DA:81,1
DA:82,1
DA:83,1
DA:84,1
DA:85,1
DA:86,1
DA:87,1
DA:88,1
DA:89,1
DA:90,1
DA:91,1
DA:92,1
DA:93,1
DA:94,1
DA:95,1
DA:96,1
DA:97,1
DA:99,1
DA:100,1
DA:101,1
DA:102,1
DA:103,1
DA:104,1
DA:105,1
DA:106,1
DA:107,1
DA:108,1
DA:109,1
DA:110,1
DA:111,1
DA:112,1
DA:113,1
DA:114,1
DA:115,1
DA:116,1
DA:117,1
DA:118,1
DA:119,1
DA:120,1
DA:121,1
DA:122,1
DA:124,1
DA:125,1
DA:126,1
DA:127,1
DA:128,1
DA:129,1
DA:130,1
DA:131,1
DA:132,1
DA:133,1
DA:134,1
DA:135,1
DA:136,1
DA:137,1
DA:138,1
DA:139,1
DA:140,1
DA:141,1
DA:142,1
DA:143,1
DA:144,1
DA:145,1
DA:146,1
DA:147,1
DA:148,1
DA:149,1
DA:150,1
DA:151,1
DA:152,1
DA:154,1
DA:155,1
DA:156,1
DA:157,1
DA:158,1
DA:159,1
DA:160,1
DA:161,1
DA:162,1
DA:163,1
DA:164,1
DA:165,1
DA:166,1
DA:167,1
DA:168,1
DA:169,1
DA:170,1
DA:171,1
DA:172,1
DA:173,1
DA:174,1
DA:175,1
DA:176,1
DA:177,1
DA:178,1
DA:180,1
DA:181,1
DA:182,1
DA:183,1
DA:184,1
DA:185,1
DA:186,1
DA:187,1
DA:188,1
DA:189,1
DA:190,1
DA:191,1
DA:192,1
DA:193,1
DA:194,1
DA:195,1
DA:196,1
DA:198,1
DA:199,1
DA:200,1
DA:201,1
DA:202,1
DA:203,1
DA:204,1
DA:205,1
DA:206,1
DA:207,1
DA:208,1
DA:209,1
DA:210,1
DA:211,1
DA:212,1
DA:213,1
DA:214,1
DA:215,1
DA:216,1
DA:217,1
DA:219,1
DA:220,1
DA:221,1
DA:222,1
DA:223,1
DA:224,1
DA:225,1
DA:226,1
DA:227,1
DA:228,1
DA:229,1
DA:230,1
DA:231,1
DA:232,1
DA:233,1
DA:234,1
DA:235,1
DA:236,1
DA:237,1
DA:238,1
DA:239,1
DA:240,1
DA:241,1
DA:242,1
DA:243,1
DA:244,1
DA:246,1
DA:247,1
DA:248,1
DA:249,1
DA:250,1
DA:251,1
DA:252,1
DA:253,1
DA:254,1
DA:255,1
DA:256,1
DA:257,1
DA:258,1
DA:259,1
DA:260,1
DA:261,1
DA:263,1
DA:264,1
DA:265,1
DA:266,1
DA:268,1
DA:269,1
DA:270,1
DA:271,1
DA:273,1
DA:274,1
DA:275,1
DA:276,1
DA:277,1
DA:278,1
DA:279,1
DA:280,1
DA:281,1
DA:282,1
DA:283,1
DA:284,1
DA:285,1
DA:286,1
DA:287,1
DA:288,1
DA:289,1
DA:290,1
DA:291,1
DA:292,1
DA:293,1
DA:294,1
DA:295,1
DA:296,1
DA:297,1
DA:299,1
DA:300,1
DA:301,1
DA:302,1
DA:303,1
DA:305,1
DA:306,1
DA:307,1
DA:308,1
DA:309,1
DA:311,1
DA:312,1
DA:313,1
DA:314,1
DA:316,1
DA:317,1
DA:318,1
DA:319,1
DA:320,1
DA:321,1
DA:322,1
DA:323,1
DA:324,1
DA:325,1
DA:326,1
DA:327,1
DA:329,1
DA:330,1
DA:331,1
DA:332,1
DA:333,1
DA:334,1
DA:335,1
DA:336,1
DA:337,1
DA:338,1
DA:339,1
DA:340,1
DA:341,1
DA:342,1
DA:343,1
DA:344,1
DA:345,1
DA:346,1
DA:347,1
DA:348,1
DA:349,1
DA:350,1
DA:351,1
DA:352,1
DA:353,1
DA:354,1
DA:355,1
DA:356,1
DA:357,1
DA:358,1
DA:359,1
DA:360,1
DA:361,1
DA:362,1
DA:363,1
DA:364,1
DA:365,1
DA:366,1
DA:367,1
DA:368,1
DA:370,1
DA:371,1
DA:372,1
DA:373,1
DA:374,1
DA:375,1
DA:376,1
DA:377,1
DA:378,1
DA:379,1
DA:380,1
DA:381,1
DA:382,1
DA:384,1
DA:385,1
DA:386,1
DA:387,1
DA:388,1
DA:389,1
DA:390,1
DA:391,1
DA:392,1
DA:393,1
DA:394,1
DA:395,1
DA:396,1
DA:397,1
DA:398,1
DA:399,1
DA:401,1
DA:402,1
DA:403,1
DA:404,1
DA:405,1
DA:407,1
DA:408,1
DA:409,1
DA:410,1
DA:411,1
DA:412,1
DA:413,1
DA:414,1
DA:415,1
DA:417,1
DA:418,1
DA:419,1
DA:420,1
DA:421,1
DA:423,1
DA:424,1
DA:425,1
DA:426,1
DA:427,1
DA:428,1
DA:429,1
DA:430,1
DA:431,1
DA:433,1
DA:434,1
DA:435,1
DA:436,1
DA:437,1
DA:439,1
DA:440,1
DA:441,1
DA:442,1
DA:443,1
DA:444,1
DA:445,1
DA:446,1
DA:447,1
DA:448,1
DA:449,1
DA:450,1
DA:451,1
DA:452,1
DA:453,1
DA:454,1
DA:456,1
DA:457,1
DA:458,1
DA:459,1
DA:460,1
DA:461,1
DA:462,1
DA:463,1
DA:464,1
DA:465,1
DA:466,1
DA:467,1
DA:468,1
DA:469,1
DA:470,1
DA:471,1
DA:472,1
DA:473,1
DA:474,1
DA:475,1
DA:477,1
DA:478,1
DA:479,1
DA:480,1
DA:481,1
DA:482,1
DA:483,1
DA:484,1
DA:485,1
DA:486,1
DA:487,1
DA:489,1
DA:490,1
DA:491,1
DA:492,1
DA:494,1
DA:495,1
DA:496,1
DA:497,1
DA:498,1
DA:499,1
DA:500,1
DA:501,1
DA:502,1
DA:503,1
DA:505,1
DA:506,1
DA:507,1
DA:508,1
DA:509,1
DA:510,1
DA:512,1
DA:513,1
DA:515,1
DA:516,1
DA:517,1
DA:519,1
DA:520,1
DA:521,1
DA:523,1
DA:524,1
DA:527,1
DA:528,1
DA:530,1
DA:531,1
DA:532,1
DA:535,1
DA:536,1
DA:537,1
DA:538,1
DA:539,1
DA:540,1
DA:541,1
DA:543,1
LF:486
LH:470
BRDA:12,0,0,1
BRDA:15,1,0,0
BRDA:499,2,0,0
BRDA:505,3,0,0
BRDA:19,4,0,1
BRDA:23,5,0,0
BRDA:23,6,0,0
BRF:7
BRH:2
end_of_record
TN:
SF:src\pages\WellnessPage.tsx
FN:8,WellnessPage
FN:21,handleLog
FN:49,onClick
FN:75,onChange
FN:99,onChange
FN:123,onChange
FNF:6
FNH:1
FNDA:1,WellnessPage
FNDA:0,handleLog
FNDA:0,onClick
FNDA:0,onChange
FNDA:0,onChange
FNDA:0,onChange
DA:1,1
DA:8,1
DA:9,1
DA:10,1
DA:11,1
DA:12,1
DA:13,1
DA:15,1
DA:16,1
DA:17,1
DA:18,1
DA:19,1
DA:21,1
DA:22,0
DA:23,0
DA:24,0
DA:25,0
DA:27,0
DA:28,0
DA:29,0
DA:30,0
DA:31,0
DA:33,1
DA:34,1
DA:35,1
DA:36,1
DA:38,1
DA:40,1
DA:41,1
DA:42,1
DA:43,1
DA:44,1
DA:45,3
DA:46,3
DA:47,3
DA:48,3
DA:49,3
DA:50,3
DA:51,3
DA:52,0
DA:53,3
DA:54,3
DA:56,3
DA:57,3
DA:58,3
DA:60,1
DA:61,1
DA:62,1
DA:63,1
DA:66,1
DA:67,1
DA:68,1
DA:69,1
DA:70,1
DA:71,1
DA:72,1
DA:73,1
DA:74,1
DA:75,1
DA:76,1
DA:77,1
DA:78,1
DA:79,1
DA:80,1
DA:81,1
DA:82,1
DA:83,1
DA:84,1
DA:85,1
DA:86,1
DA:87,1
DA:90,1
DA:91,1
DA:92,1
DA:93,1
DA:94,1
DA:95,1
DA:96,1
DA:97,1
DA:98,1
DA:99,1
DA:100,1
DA:101,1
DA:102,1
DA:103,1
DA:104,1
DA:105,1
DA:106,1
DA:107,1
DA:108,1
DA:109,1
DA:110,1
DA:111,1
DA:114,1
DA:115,1
DA:116,1
DA:117,1
DA:118,1
DA:119,1
DA:120,1
DA:121,1
DA:122,1
DA:123,1
DA:124,1
DA:125,1
DA:126,1
DA:127,1
DA:128,1
DA:129,1
DA:130,1
DA:131,1
DA:132,1
DA:133,1
DA:134,1
DA:135,1
DA:136,1
DA:138,1
DA:139,1
DA:141,1
DA:142,1
DA:143,1
DA:144,1
DA:146,1
LF:123
LH:113
BRDA:8,0,0,1
BRDA:44,1,0,3
BRDA:51,2,0,0
BRF:3
BRH:2
end_of_record
TN:
SF:src\utils\serviceWorkerRegistration.ts
FN:10,register
FN:31,registerValidSW
FN:66,unregister
FN:79,requestNotificationPermission
FN:98,subscribeToPushNotifications
FN:125,urlBase64ToUint8Array
FN:141,cacheUrls
FN:151,clearCache
FN:160,isStandalone
FN:168,isOffline
FN:173,syncWhenOnline
FNF:11
FNH:1
FNDA:0,register
FNDA:0,registerValidSW
FNDA:0,unregister
FNDA:0,requestNotificationPermission
FNDA:0,subscribeToPushNotifications
FNDA:0,urlBase64ToUint8Array
FNDA:0,cacheUrls
FNDA:0,clearCache
FNDA:1,isStandalone
FNDA:0,isOffline
FNDA:0,syncWhenOnline
DA:10,1
DA:11,0
DA:12,0
DA:13,0
DA:15,0
DA:18,0
DA:19,0
DA:20,0
DA:21,0
DA:23,0
DA:24,0
DA:25,0
DA:26,0
DA:27,0
DA:28,0
DA:29,0
DA:31,0
DA:32,0
DA:33,0
DA:35,0
DA:36,0
DA:37,0
DA:38,0
DA:39,0
DA:41,0
DA:42,0
DA:43,0
DA:45,0
DA:46,0
DA:47,0
DA:49,0
DA:50,0
DA:51,0
DA:52,0
DA:53,0
DA:54,0
DA:57,0
DA:58,0
DA:59,0
DA:61,0
DA:62,0
DA:63,0
DA:64,0
DA:66,1
DA:67,0
DA:68,0
DA:69,0
DA:70,0
DA:71,0
DA:72,0
DA:73,0
DA:74,0
DA:75,0
DA:76,0
DA:79,0
DA:80,0
DA:81,0
DA:82,0
DA:83,0
DA:85,0
DA:86,0
DA:87,0
DA:89,0
DA:90,0
DA:91,0
DA:92,0
DA:94,0
DA:95,0
DA:98,0
DA:99,0
DA:100,0
DA:102,0
DA:103,0
DA:104,0
DA:105,0
DA:106,0
DA:109,0
DA:110,0
DA:111,0
DA:112,0
DA:113,0
DA:114,0
DA:116,0
DA:117,0
DA:118,0
DA:119,0
DA:120,0
DA:121,0
DA:122,0
DA:125,0
DA:126,0
DA:127,0
DA:128,0
DA:129,0
DA:131,0
DA:132,0
DA:134,0
DA:135,0
DA:136,0
DA:137,0
DA:138,0
DA:141,0
DA:142,0
DA:143,0
DA:144,0
DA:145,0
DA:146,0
DA:147,0
DA:148,0
DA:151,0
DA:152,0
DA:153,0
DA:154,0
DA:155,0
DA:156,0
DA:157,0
DA:160,1
DA:161,1
DA:162,1
DA:163,1
DA:165,1
DA:168,1
DA:169,0
DA:170,0
DA:173,0
DA:174,0
DA:175,0
DA:176,0
DA:177,0
DA:178,0
DA:179,0
DA:180,0
DA:181,0
DA:182,0
DA:183,0
LF:135
LH:8
BRDA:160,0,0,1
BRF:1
BRH:1
end_of_record
TN:
SF:src\utils\storage.ts
FN:8,get
FN:21,set
FN:34,remove
FN:47,clear
FN:67,debug
FNF:5
FNH:5
FNDA:11,get
FNDA:11,set
FNDA:3,remove
FNDA:2,clear
FNDA:1,debug
DA:4,1
DA:8,1
DA:9,11
DA:10,11
DA:11,11
DA:12,11
DA:13,2
DA:14,2
DA:15,2
DA:16,11
DA:21,1
DA:22,11
DA:23,11
DA:24,11
DA:25,11
DA:26,2
DA:27,2
DA:28,2
DA:29,11
DA:34,1
DA:35,3
DA:36,3
DA:37,3
DA:38,3
DA:39,1
DA:40,1
DA:41,1
DA:42,3
DA:47,1
DA:48,2
DA:49,2
DA:50,2
DA:51,2
DA:52,2
DA:53,2
DA:54,2
DA:55,2
DA:56,2
DA:57,2
DA:58,2
DA:59,1
DA:60,1
DA:61,1
DA:62,2
DA:67,1
DA:68,1
DA:69,1
DA:70,1
DA:71,1
DA:72,1
DA:73,1
DA:74,1
DA:76,1
DA:77,1
DA:78,5
DA:79,5
DA:80,1
DA:81,1
DA:82,1
DA:83,1
DA:86,1
DA:87,0
DA:88,0
LF:63
LH:61
BRDA:86,0,0,0
BRDA:8,1,0,11
BRDA:11,2,0,10
BRDA:11,3,0,1
BRDA:12,4,0,2
BRDA:21,5,0,11
BRDA:25,6,0,2
BRDA:34,7,0,3
BRDA:38,8,0,1
BRDA:47,9,0,2
BRDA:58,10,0,1
BRDA:56,11,0,6
BRDA:67,12,0,1
BRDA:77,13,0,5
BRF:14
BRH:13
end_of_record
